2024-06-06 21:46:40.540 [DEBU] {6c07fca1506ed617d7197a549d0dc27d} [ 51 ms] [default] [shop] [rows:23 ] SHOW TABLES
2024-06-06 21:46:40.565 [DEBU] {6c07fca1506ed617d7197a549d0dc27d} [ 24 ms] [default] [shop] [rows:8  ] SHOW FULL COLUMNS FROM `admin_info`
2024-06-06 21:46:40.646 [DEBU] {6c07fca1506ed617d7197a549d0dc27d} [ 80 ms] [default] [shop] [rows:1  ] SELECT `id`,`name`,`password`,`role_ids`,`created_at`,`updated_at`,`user_salt`,`is_admin` FROM `admin_info` WHERE `name`='steve' LIMIT 1
2024-06-06 22:03:48.617 [DEBU] {40f9f401406fd617c0a5c94eb8f24fcf} [ 28 ms] [default] [shop] [rows:23 ] SHOW TABLES
2024-06-06 22:03:48.656 [DEBU] {b03f9f05406fd617c1a5c94ec47b11e1} [  5 ms] [default] [shop] [rows:8  ] SHOW FULL COLUMNS FROM `admin_info`
2024-06-06 22:03:48.659 [DEBU] {9c210306406fd617c2a5c94eaf86c751} [  2 ms] [default] [shop] [rows:1  ] SELECT `id`,`name`,`password`,`role_ids`,`created_at`,`updated_at`,`user_salt`,`is_admin` FROM `admin_info` WHERE `name`='steve' LIMIT 1
2024-06-06 22:03:50.547 [DEBU] {749a9b76406fd617c4a5c94ef3bbb809} [  1 ms] [default] [shop] [rows:1  ] SELECT `id`,`name`,`password`,`role_ids`,`created_at`,`updated_at`,`user_salt`,`is_admin` FROM `admin_info` WHERE `name`='steve' LIMIT 1
2024-06-06 22:03:51.382 [DEBU] {388961a8406fd617c6a5c94e3b2841f5} [  1 ms] [default] [shop] [rows:1  ] SELECT `id`,`name`,`password`,`role_ids`,`created_at`,`updated_at`,`user_salt`,`is_admin` FROM `admin_info` WHERE `name`='steve' LIMIT 1
2024-06-06 22:04:04.298 [DEBU] {1c3117aa436fd617c9a5c94e60117e60} [  2 ms] [default] [shop] [rows:1  ] SELECT `id`,`name`,`password`,`role_ids`,`created_at`,`updated_at`,`user_salt`,`is_admin` FROM `admin_info` WHERE `name`='steve' LIMIT 1
2024-06-06 22:12:21.113 [DEBU] {2c253555b76fd617f7c2131285d23167} [ 26 ms] [default] [shop] [rows:23 ] SHOW TABLES
2024-06-06 22:12:21.153 [DEBU] {806ac058b76fd617f8c2131240ddfb12} [  6 ms] [default] [shop] [rows:8  ] SHOW FULL COLUMNS FROM `admin_info`
2024-06-06 22:12:21.154 [DEBU] {48072459b76fd617f9c213122425c9b4} [  1 ms] [default] [shop] [rows:1  ] SELECT `id`,`name`,`password`,`role_ids`,`created_at`,`updated_at`,`user_salt`,`is_admin` FROM `admin_info` WHERE `name`='steve' LIMIT 1
2024-06-06 22:12:21.156 [DEBU] {00833b59b76fd617fac21312e207dab5} [  1 ms] [default] [shop] [rows:1  ] SELECT `id`,`name`,`password`,`role_ids`,`created_at`,`updated_at`,`user_salt`,`is_admin` FROM `admin_info` WHERE `id`='13' LIMIT 1
2024-06-06 22:12:21.160 [DEBU] {486f4d59b76fd617fbc21312ac71ba50} [  4 ms] [default] [shop] [rows:5  ] SHOW FULL COLUMNS FROM `role_permission_info`
2024-06-06 22:12:21.187 [DEBU] {e8ce9359b76fd617fcc213129e368a20} [ 27 ms] [default] [shop] [rows:0  ] SELECT `id`,`role_id`,`permission_id`,`created_at`,`updated_at` FROM `role_permission_info` WHERE `role_id` IN ('1')
2024-06-06 22:12:21.188 [DEBU] {78ea275bb76fd617fdc213124737bc34} [  1 ms] [default] [shop] [rows:6  ] SHOW FULL COLUMNS FROM `permission_info`
2024-06-06 22:12:21.194 [DEBU] {b8cc465bb76fd617fec21312575bbced} [  5 ms] [default] [shop] [rows:0  ] SELECT `id`,`name`,`path`,`created_at`,`updated_at`,`deleted_at` FROM `permission_info` WHERE (0=1) AND `deleted_at` IS NULL
2024-06-06 22:13:27.340 [DEBU] {84a9d8c0c66fd61705c3131206191cda} [ 22 ms] [default] [shop] [rows:1  ] SELECT `id`,`name`,`password`,`role_ids`,`created_at`,`updated_at`,`user_salt`,`is_admin` FROM `admin_info` WHERE `name`='steve' LIMIT 1
2024-06-06 22:13:27.341 [DEBU] {f82839c2c66fd61706c31312552b226f} [  0 ms] [default] [shop] [rows:1  ] SELECT `id`,`name`,`password`,`role_ids`,`created_at`,`updated_at`,`user_salt`,`is_admin` FROM `admin_info` WHERE `id`='13' LIMIT 1
2024-06-06 22:13:27.344 [DEBU] {f8db49c2c66fd61707c31312198eeead} [  1 ms] [default] [shop] [rows:0  ] SELECT `id`,`role_id`,`permission_id`,`created_at`,`updated_at` FROM `role_permission_info` WHERE `role_id` IN ('1')
2024-06-06 22:13:27.344 [DEBU] {64ea65c2c66fd61708c313122c7ba458} [  0 ms] [default] [shop] [rows:0  ] SELECT `id`,`name`,`path`,`created_at`,`updated_at`,`deleted_at` FROM `permission_info` WHERE (0=1) AND `deleted_at` IS NULL
