2024-05-28 20:37:54.128 [DEBU] {30ef2fc756a7d317bfe41e501e009429} [ 18 ms] [default] [shop] [rows:23 ] SHOW TABLES
2024-05-28 20:37:54.133 [DEBU] {30ef2fc756a7d317bfe41e501e009429} [  3 ms] [default] [shop] [rows:8  ] SHOW FULL COLUMNS FROM `admin_info`
2024-05-28 20:37:54.149 [DEBU] {30ef2fc756a7d317bfe41e501e009429} [ 15 ms] [default] [shop] [rows:1  ] SELECT `id`,`name`,`password`,`role_ids`,`created_at`,`updated_at`,`user_salt`,`is_admin` FROM `admin_info` WHERE `name`='steve' LIMIT 1
2024-05-28 20:38:20.157 [DEBU] {9828afd75ca7d317c0e41e5085e122ba} [  1 ms] [default] [shop] [rows:1  ] SELECT `id`,`name`,`password`,`role_ids`,`created_at`,`updated_at`,`user_salt`,`is_admin` FROM `admin_info` WHERE `name`='steve' LIMIT 1
2024-05-28 20:38:34.544 [DEBU] {24c2503060a7d317c1e41e50efe382f4} [ 16 ms] [default] [shop] [rows:0  ] SELECT `id`,`name`,`password`,`role_ids`,`created_at`,`updated_at`,`user_salt`,`is_admin` FROM `admin_info` WHERE `name`='admin' LIMIT 1
2024-05-28 20:38:35.797 [DEBU] {543fee7b60a7d317c2e41e505a0227ef} [  1 ms] [default] [shop] [rows:0  ] SELECT `id`,`name`,`password`,`role_ids`,`created_at`,`updated_at`,`user_salt`,`is_admin` FROM `admin_info` WHERE `name`='admin' LIMIT 1
2024-05-28 20:39:16.489 [DEBU] {e08189f469a7d317c3e41e50fb28cb5b} [ 14 ms] [default] [shop] [rows:1  ] SELECT `id`,`name`,`password`,`role_ids`,`created_at`,`updated_at`,`user_salt`,`is_admin` FROM `admin_info` WHERE `name`='steve' LIMIT 1
2024-05-28 20:52:46.059 [DEBU] {dcc2897226a8d31749f7ce75a4a03526} [ 16 ms] [default] [shop] [rows:23 ] SHOW TABLES
2024-05-28 20:52:46.095 [DEBU] {dcc2897226a8d31749f7ce75a4a03526} [  3 ms] [default] [shop] [rows:8  ] SHOW FULL COLUMNS FROM `admin_info`
2024-05-28 20:52:46.097 [DEBU] {dcc2897226a8d31749f7ce75a4a03526} [  1 ms] [default] [shop] [rows:0  ] SELECT `id`,`name`,`password`,`role_ids`,`created_at`,`updated_at`,`user_salt`,`is_admin` FROM `admin_info` WHERE `name`='admin' LIMIT 1
2024-05-28 20:52:57.075 [DEBU] {3c3d110429a8d3174af7ce75e6391437} [  1 ms] [default] [shop] [rows:1  ] SELECT `id`,`name`,`password`,`role_ids`,`created_at`,`updated_at`,`user_salt`,`is_admin` FROM `admin_info` WHERE `name`='steve' LIMIT 1
2024-05-28 20:55:05.262 [DEBU] {14416cdc46a8d3174df7ce757c2cea14} [  5 ms] [default] [shop] [rows:1  ] SELECT `id`,`name`,`password`,`role_ids`,`created_at`,`updated_at`,`user_salt`,`is_admin` FROM `admin_info` WHERE `name`='steve' LIMIT 1
2024-05-28 20:55:06.383 [DEBU] {98f46e1f47a8d3174ef7ce75e0f7ed79} [  2 ms] [default] [shop] [rows:1  ] SELECT `id`,`name`,`password`,`role_ids`,`created_at`,`updated_at`,`user_salt`,`is_admin` FROM `admin_info` WHERE `name`='steve' LIMIT 1
2024-05-28 20:55:07.291 [DEBU] {ccfa995547a8d3174ff7ce757b3d8c3c} [  1 ms] [default] [shop] [rows:1  ] SELECT `id`,`name`,`password`,`role_ids`,`created_at`,`updated_at`,`user_salt`,`is_admin` FROM `admin_info` WHERE `name`='steve' LIMIT 1
2024-05-28 20:55:07.986 [DEBU] {f0290e7f47a8d31750f7ce755c9ceb6b} [  0 ms] [default] [shop] [rows:1  ] SELECT `id`,`name`,`password`,`role_ids`,`created_at`,`updated_at`,`user_salt`,`is_admin` FROM `admin_info` WHERE `name`='steve' LIMIT 1
2024-05-28 20:55:08.631 [DEBU] {a81b6ba547a8d31751f7ce75f1a24528} [  1 ms] [default] [shop] [rows:1  ] SELECT `id`,`name`,`password`,`role_ids`,`created_at`,`updated_at`,`user_salt`,`is_admin` FROM `admin_info` WHERE `name`='steve' LIMIT 1
2024-05-28 20:55:09.335 [DEBU] {4c876dcf47a8d31752f7ce75dd24e9d3} [  0 ms] [default] [shop] [rows:1  ] SELECT `id`,`name`,`password`,`role_ids`,`created_at`,`updated_at`,`user_salt`,`is_admin` FROM `admin_info` WHERE `name`='steve' LIMIT 1
2024-05-28 20:55:10.012 [DEBU] {54bfbef747a8d31753f7ce753705104e} [  2 ms] [default] [shop] [rows:1  ] SELECT `id`,`name`,`password`,`role_ids`,`created_at`,`updated_at`,`user_salt`,`is_admin` FROM `admin_info` WHERE `name`='steve' LIMIT 1
2024-05-28 20:55:10.630 [DEBU] {5045a91c48a8d31754f7ce75c7ed8253} [  0 ms] [default] [shop] [rows:1  ] SELECT `id`,`name`,`password`,`role_ids`,`created_at`,`updated_at`,`user_salt`,`is_admin` FROM `admin_info` WHERE `name`='steve' LIMIT 1
2024-05-28 20:55:11.328 [DEBU] {98012b4648a8d31755f7ce755f5d2939} [  1 ms] [default] [shop] [rows:1  ] SELECT `id`,`name`,`password`,`role_ids`,`created_at`,`updated_at`,`user_salt`,`is_admin` FROM `admin_info` WHERE `name`='steve' LIMIT 1
2024-05-28 20:55:11.937 [DEBU] {fc6b7e6a48a8d31756f7ce75d877f3cd} [  1 ms] [default] [shop] [rows:1  ] SELECT `id`,`name`,`password`,`role_ids`,`created_at`,`updated_at`,`user_salt`,`is_admin` FROM `admin_info` WHERE `name`='steve' LIMIT 1
2024-05-28 20:55:12.799 [DEBU] {ece3e79d48a8d31757f7ce75ef71b6e4} [  0 ms] [default] [shop] [rows:1  ] SELECT `id`,`name`,`password`,`role_ids`,`created_at`,`updated_at`,`user_salt`,`is_admin` FROM `admin_info` WHERE `name`='steve' LIMIT 1
2024-05-28 20:55:13.728 [DEBU] {bc2346d548a8d31758f7ce75dce1a8d6} [  0 ms] [default] [shop] [rows:1  ] SELECT `id`,`name`,`password`,`role_ids`,`created_at`,`updated_at`,`user_salt`,`is_admin` FROM `admin_info` WHERE `name`='steve' LIMIT 1
2024-05-28 20:55:14.485 [DEBU] {70c5590249a8d31759f7ce75f432db73} [  1 ms] [default] [shop] [rows:1  ] SELECT `id`,`name`,`password`,`role_ids`,`created_at`,`updated_at`,`user_salt`,`is_admin` FROM `admin_info` WHERE `name`='steve' LIMIT 1
2024-05-28 20:55:18.203 [DEBU] {189c01e049a8d3175af7ce75ff278f66} [  0 ms] [default] [shop] [rows:1  ] SELECT `id`,`name`,`password`,`role_ids`,`created_at`,`updated_at`,`user_salt`,`is_admin` FROM `admin_info` WHERE `name`='steve' LIMIT 1
2024-05-28 20:55:18.858 [DEBU] {48b707074aa8d3175bf7ce75abb7a865} [  0 ms] [default] [shop] [rows:1  ] SELECT `id`,`name`,`password`,`role_ids`,`created_at`,`updated_at`,`user_salt`,`is_admin` FROM `admin_info` WHERE `name`='steve' LIMIT 1
2024-05-28 20:55:19.466 [DEBU] {c8d84b2b4aa8d3175cf7ce7566d756b6} [  1 ms] [default] [shop] [rows:1  ] SELECT `id`,`name`,`password`,`role_ids`,`created_at`,`updated_at`,`user_salt`,`is_admin` FROM `admin_info` WHERE `name`='steve' LIMIT 1
2024-05-28 20:57:39.727 [DEBU] {d06534d36aa8d31762f7ce75a9ff04f9} [  5 ms] [default] [shop] [rows:1  ] SELECT `id`,`name`,`password`,`role_ids`,`created_at`,`updated_at`,`user_salt`,`is_admin` FROM `admin_info` WHERE `name`='steve' LIMIT 1
2024-05-28 20:58:20.387 [DEBU] {9838cd4a74a8d31766f7ce75fde03a40} [  4 ms] [default] [shop] [rows:1  ] SELECT `id`,`name`,`password`,`role_ids`,`created_at`,`updated_at`,`user_salt`,`is_admin` FROM `admin_info` WHERE `name`='steve' LIMIT 1
