2024-06-12 19:19:18.826 [DEBU] {f4d1146dc13dd817d06ec312ca775109} [ 17 ms] [default] [shop] [rows:23 ] SHOW TABLES
2024-06-12 19:19:18.830 [DEBU] {d0e71c6ec13dd817d16ec312046185aa} [  3 ms] [default] [shop] [rows:9  ] SHOW FULL COLUMNS FROM `admin_info`
2024-06-12 19:19:18.852 [DEBU] {14684e6ec13dd817d26ec3126e94a124} [ 22 ms] [default] [shop] [rows:1  ] SELECT `id`,`name`,`password`,`role_ids`,`created_at`,`updated_at`,`user_salt`,`is_admin`,`deleted_at` FROM `admin_info` WHERE (`name`='steve') AND `deleted_at` IS NULL LIMIT 1
2024-06-12 19:20:16.350 [DEBU] {682f26d2ce3dd817d46ec312b972170b} [ 10 ms] [default] [shop] [rows:1  ] SELECT `id`,`name`,`password`,`role_ids`,`created_at`,`updated_at`,`user_salt`,`is_admin`,`deleted_at` FROM `admin_info` WHERE (`name`='steve') AND `deleted_at` IS NULL LIMIT 1
2024-06-12 19:20:16.397 [DEBU] {c8d57bd5ce3dd817d56ec312f08f168e} [  1 ms] [default] [shop] [rows:1  ] SELECT `id`,`name`,`password`,`role_ids`,`created_at`,`updated_at`,`user_salt`,`is_admin`,`deleted_at` FROM `admin_info` WHERE (`id`='13') AND `deleted_at` IS NULL LIMIT 1
2024-06-12 19:20:16.407 [DEBU] {88f69ad5ce3dd817d66ec31255f5dfdb} [  9 ms] [default] [shop] [rows:5  ] SHOW FULL COLUMNS FROM `role_permission_info`
2024-06-12 19:20:16.415 [DEBU] {60723cd6ce3dd817d76ec31283d82171} [  7 ms] [default] [shop] [rows:0  ] SELECT `id`,`role_id`,`permission_id`,`created_at`,`updated_at` FROM `role_permission_info` WHERE `role_id` IN ('1')
2024-06-12 19:20:16.417 [DEBU] {0827a8d6ce3dd817d86ec31298e28a5f} [  2 ms] [default] [shop] [rows:6  ] SHOW FULL COLUMNS FROM `permission_info`
2024-06-12 19:20:16.418 [DEBU] {f04ac4d6ce3dd817d96ec312950482b0} [  1 ms] [default] [shop] [rows:0  ] SELECT `id`,`name`,`path`,`created_at`,`updated_at`,`deleted_at` FROM `permission_info` WHERE (0=1) AND `deleted_at` IS NULL
2024-06-12 20:06:53.156 [DEBU] {b45714005a40d8179bbaf37a7f302b77} [ 22 ms] [default] [shop] [rows:15 ] SHOW FULL COLUMNS FROM `order_info`
2024-06-12 20:06:53.223 [DEBU] {b45714005a40d8179bbaf37a7f302b77} [ 66 ms] [default] [shop] [rows:1  ] SELECT COUNT(1) FROM `order_info` WHERE (`created_at` BETWEEN '2024-06-12 00:00:00' AND '2024-06-12 23:59:59') AND (id)
2024-06-12 20:06:58.886 [DEBU] {6c16b9565b40d8179cbaf37a0d3d473d} [  2 ms] [default] [shop] [rows:6  ] SHOW FULL COLUMNS FROM `permission_info`
2024-06-12 20:06:58.918 [DEBU] {6c16b9565b40d8179cbaf37a0d3d473d} [ 31 ms] [default] [shop] [rows:1  ] INSERT INTO `permission_info`(`name`,`path`,`created_at`,`updated_at`) VALUES('客服','admin/goods','2024-06-12 20:06:58','2024-06-12 20:06:58') 
2024-06-12 20:07:36.187 [DEBU] {74a4d4056440d817a6baf37a2e1a470f} [  7 ms] [default] [shop] [rows:23 ] SHOW TABLES
2024-06-12 20:07:36.190 [DEBU] {f83343066440d817a7baf37a1c8500df} [  3 ms] [default] [shop] [rows:9  ] SHOW FULL COLUMNS FROM `admin_info`
2024-06-12 20:07:36.192 [DEBU] {d4fa72066440d817a8baf37ad29aa095} [  2 ms] [default] [shop] [rows:1  ] SELECT `id`,`name`,`password`,`role_ids`,`created_at`,`updated_at`,`user_salt`,`is_admin`,`deleted_at` FROM `admin_info` WHERE (`name`='steve') AND `deleted_at` IS NULL LIMIT 1
2024-06-12 20:07:36.194 [DEBU] {6c87a8066440d817a9baf37ad786ee6b} [  0 ms] [default] [shop] [rows:1  ] SELECT `id`,`name`,`password`,`role_ids`,`created_at`,`updated_at`,`user_salt`,`is_admin`,`deleted_at` FROM `admin_info` WHERE (`id`='13') AND `deleted_at` IS NULL LIMIT 1
2024-06-12 20:07:36.195 [DEBU] {0c80b0066440d817aabaf37a19e1dd2d} [  1 ms] [default] [shop] [rows:5  ] SHOW FULL COLUMNS FROM `role_permission_info`
2024-06-12 20:07:36.196 [DEBU] {c8f1c3066440d817abbaf37a3f5b1bb2} [  0 ms] [default] [shop] [rows:0  ] SELECT `id`,`role_id`,`permission_id`,`created_at`,`updated_at` FROM `role_permission_info` WHERE `role_id` IN ('1')
2024-06-12 20:07:36.198 [DEBU] {1c5dcd066440d817acbaf37aad034921} [  2 ms] [default] [shop] [rows:0  ] SELECT `id`,`name`,`path`,`created_at`,`updated_at`,`deleted_at` FROM `permission_info` WHERE (0=1) AND `deleted_at` IS NULL
2024-06-12 20:15:51.297 [DEBU] {c0071b4cd740d81742a67e4c6f7d4e8e} [ 17 ms] [default] [shop] [rows:23 ] SHOW TABLES
2024-06-12 20:15:51.302 [DEBU] {d883214dd740d81743a67e4cd39887e5} [  4 ms] [default] [shop] [rows:9  ] SHOW FULL COLUMNS FROM `admin_info`
2024-06-12 20:15:51.304 [DEBU] {d4a1754dd740d81744a67e4cc9670b85} [  1 ms] [default] [shop] [rows:1  ] SELECT `id`,`name`,`password`,`role_ids`,`created_at`,`updated_at`,`user_salt`,`is_admin`,`deleted_at` FROM `admin_info` WHERE (`name`='steve') AND `deleted_at` IS NULL LIMIT 1
2024-06-12 20:15:51.310 [DEBU] {54e6d84dd740d81745a67e4cea7ff5d5} [  0 ms] [default] [shop] [rows:1  ] SELECT `id`,`name`,`password`,`role_ids`,`created_at`,`updated_at`,`user_salt`,`is_admin`,`deleted_at` FROM `admin_info` WHERE (`id`='13') AND `deleted_at` IS NULL LIMIT 1
2024-06-12 20:15:51.311 [DEBU] {c843e94dd740d81746a67e4c78f4d14a} [  0 ms] [default] [shop] [rows:5  ] SHOW FULL COLUMNS FROM `role_permission_info`
2024-06-12 20:15:51.313 [DEBU] {94fcff4dd740d81747a67e4cc6dcb69c} [  1 ms] [default] [shop] [rows:0  ] SELECT `id`,`role_id`,`permission_id`,`created_at`,`updated_at` FROM `role_permission_info` WHERE `role_id` IN ('1')
2024-06-12 20:15:51.313 [DEBU] {48010b4ed740d81748a67e4c224c9455} [  0 ms] [default] [shop] [rows:6  ] SHOW FULL COLUMNS FROM `permission_info`
2024-06-12 20:15:51.315 [DEBU] {883d1b4ed740d81749a67e4cb62ba60a} [  1 ms] [default] [shop] [rows:0  ] SELECT `id`,`name`,`path`,`created_at`,`updated_at`,`deleted_at` FROM `permission_info` WHERE (0=1) AND `deleted_at` IS NULL
2024-06-12 20:38:51.287 [DEBU] {848902821842d817a486d7526b59e0f6} [418 ms] [default] [shop] [rows:23 ] SHOW TABLES
2024-06-12 20:38:51.307 [DEBU] {807efd9a1842d817a586d752d05b6047} [ 19 ms] [default] [shop] [rows:9  ] SHOW FULL COLUMNS FROM `admin_info`
2024-06-12 20:38:51.326 [DEBU] {b06f269c1842d817a686d752beeb59ac} [ 18 ms] [default] [shop] [rows:1  ] SELECT `id`,`name`,`password`,`role_ids`,`created_at`,`updated_at`,`user_salt`,`is_admin`,`deleted_at` FROM `admin_info` WHERE (`name`='steve') AND `deleted_at` IS NULL LIMIT 1
2024-06-12 20:38:51.328 [DEBU] {b8bb539d1842d817a786d75221c9a787} [  0 ms] [default] [shop] [rows:1  ] SELECT `id`,`name`,`password`,`role_ids`,`created_at`,`updated_at`,`user_salt`,`is_admin`,`deleted_at` FROM `admin_info` WHERE (`id`='13') AND `deleted_at` IS NULL LIMIT 1
2024-06-12 20:38:51.330 [DEBU] {98445e9d1842d817a886d7527bd0cce0} [  2 ms] [default] [shop] [rows:5  ] SHOW FULL COLUMNS FROM `role_permission_info`
2024-06-12 20:38:51.342 [DEBU] {840e7b9d1842d817a986d752eccba5eb} [ 12 ms] [default] [shop] [rows:0  ] SELECT `id`,`role_id`,`permission_id`,`created_at`,`updated_at` FROM `role_permission_info` WHERE `role_id` IN ('1')
2024-06-12 20:38:51.345 [DEBU] {d0f23f9e1842d817aa86d75232aef432} [  2 ms] [default] [shop] [rows:6  ] SHOW FULL COLUMNS FROM `permission_info`
2024-06-12 20:38:51.346 [DEBU] {8c10619e1842d817ab86d7522740edf9} [  1 ms] [default] [shop] [rows:0  ] SELECT `id`,`name`,`path`,`created_at`,`updated_at`,`deleted_at` FROM `permission_info` WHERE (0=1) AND `deleted_at` IS NULL
2024-06-12 20:48:39.080 [DEBU] {581ecd74a142d817e6e184370043ac92} [ 20 ms] [default] [shop] [rows:15 ] SHOW FULL COLUMNS FROM `order_info`
2024-06-12 20:48:39.102 [DEBU] {581ecd74a142d817e6e184370043ac92} [ 21 ms] [default] [shop] [rows:1  ] SELECT COUNT(1) FROM `order_info` WHERE (`created_at` BETWEEN '2024-06-12 00:00:00' AND '2024-06-12 23:59:59') AND (id)
2024-06-12 20:51:11.547 [DEBU] {14513ff5c442d817a5d31c6a7b1a10f8} [  7 ms] [default] [shop] [rows:0  ] [txid:1] BEGIN
2024-06-12 20:51:11.557 [DEBU] {14513ff5c442d817a5d31c6a7b1a10f8} [  9 ms] [default] [shop] [rows:9  ] [txid:1] SHOW FULL COLUMNS FROM `admin_info`
2024-06-12 20:51:11.570 [DEBU] {14513ff5c442d817a5d31c6a7b1a10f8} [ 13 ms] [default] [shop] [rows:0  ] [txid:1] UPDATE `admin_info` SET `deleted_at`='2024-06-12 20:51:11' WHERE (`id`=1) AND `deleted_at` IS NULL
2024-06-12 20:51:11.571 [DEBU] {14513ff5c442d817a5d31c6a7b1a10f8} [  1 ms] [default] [shop] [rows:0  ] [txid:1] COMMIT
2024-06-12 20:53:28.475 [DEBU] {987392d6e442d817f4609e4e7592ceaf} [ 14 ms] [default] [shop] [rows:23 ] SHOW TABLES
2024-06-12 20:53:28.478 [DEBU] {245d6cd7e442d817f5609e4ee6caa07f} [  2 ms] [default] [shop] [rows:9  ] SHOW FULL COLUMNS FROM `admin_info`
2024-06-12 20:53:28.479 [DEBU] {74269ed7e442d817f6609e4e1b76a064} [  0 ms] [default] [shop] [rows:1  ] SELECT `id`,`name`,`password`,`role_ids`,`created_at`,`updated_at`,`user_salt`,`is_admin`,`deleted_at` FROM `admin_info` WHERE (`name`='steve') AND `deleted_at` IS NULL LIMIT 1
2024-06-12 20:53:28.487 [DEBU] {08f111d8e442d817f7609e4e90b3456e} [  1 ms] [default] [shop] [rows:1  ] SELECT `id`,`name`,`password`,`role_ids`,`created_at`,`updated_at`,`user_salt`,`is_admin`,`deleted_at` FROM `admin_info` WHERE (`id`='13') AND `deleted_at` IS NULL LIMIT 1
2024-06-12 20:53:28.488 [DEBU] {8c0b23d8e442d817f8609e4e2084cbf5} [  1 ms] [default] [shop] [rows:5  ] SHOW FULL COLUMNS FROM `role_permission_info`
2024-06-12 20:53:28.490 [DEBU] {185642d8e442d817f9609e4e9cc25f2a} [  0 ms] [default] [shop] [rows:0  ] SELECT `id`,`role_id`,`permission_id`,`created_at`,`updated_at` FROM `role_permission_info` WHERE `role_id` IN ('1')
2024-06-12 20:53:28.491 [DEBU] {1cbb51d8e442d817fa609e4eee1f6ba5} [  0 ms] [default] [shop] [rows:6  ] SHOW FULL COLUMNS FROM `permission_info`
2024-06-12 20:53:28.492 [DEBU] {649462d8e442d817fb609e4e75709956} [  0 ms] [default] [shop] [rows:0  ] SELECT `id`,`name`,`path`,`created_at`,`updated_at`,`deleted_at` FROM `permission_info` WHERE (0=1) AND `deleted_at` IS NULL
2024-06-12 20:57:16.318 [DEBU] {3075eee21943d81711cd1d05bf97f1c6} [ 15 ms] [default] [shop] [rows:15 ] SHOW FULL COLUMNS FROM `order_info`
2024-06-12 20:57:16.321 [DEBU] {3075eee21943d81711cd1d05bf97f1c6} [  1 ms] [default] [shop] [rows:1  ] SELECT COUNT(1) FROM `order_info` WHERE (`created_at` BETWEEN '2024-06-12 00:00:00' AND '2024-06-12 23:59:59') AND (id)
2024-06-12 20:59:08.450 [DEBU] {509cfdfe3343d81715cd1d05478c2b43} [  8 ms] [default] [shop] [rows:23 ] SHOW TABLES
2024-06-12 20:59:08.455 [DEBU] {582a8aff3343d81716cd1d0572cb0bed} [  4 ms] [default] [shop] [rows:9  ] SHOW FULL COLUMNS FROM `admin_info`
2024-06-12 20:59:08.456 [DEBU] {c865cfff3343d81717cd1d05d1936ccc} [  0 ms] [default] [shop] [rows:1  ] SELECT `id`,`name`,`password`,`role_ids`,`created_at`,`updated_at`,`user_salt`,`is_admin`,`deleted_at` FROM `admin_info` WHERE (`name`='steve') AND `deleted_at` IS NULL LIMIT 1
2024-06-12 20:59:08.465 [DEBU] {306c56003443d81718cd1d05fb46c686} [  1 ms] [default] [shop] [rows:1  ] SELECT `id`,`name`,`password`,`role_ids`,`created_at`,`updated_at`,`user_salt`,`is_admin`,`deleted_at` FROM `admin_info` WHERE (`id`='13') AND `deleted_at` IS NULL LIMIT 1
2024-06-12 20:59:08.467 [DEBU] {4c006a003443d81719cd1d05a22bba89} [  1 ms] [default] [shop] [rows:5  ] SHOW FULL COLUMNS FROM `role_permission_info`
2024-06-12 20:59:08.469 [DEBU] {08ad88003443d8171acd1d05fe1d71c7} [  1 ms] [default] [shop] [rows:0  ] SELECT `id`,`role_id`,`permission_id`,`created_at`,`updated_at` FROM `role_permission_info` WHERE `role_id` IN ('1')
2024-06-12 20:59:08.470 [DEBU] {c8739d003443d8171bcd1d05cb877a39} [  1 ms] [default] [shop] [rows:6  ] SHOW FULL COLUMNS FROM `permission_info`
2024-06-12 20:59:08.471 [DEBU] {c051ae003443d8171ccd1d05c8350742} [  1 ms] [default] [shop] [rows:0  ] SELECT `id`,`name`,`path`,`created_at`,`updated_at`,`deleted_at` FROM `permission_info` WHERE (0=1) AND `deleted_at` IS NULL
2024-06-12 20:59:10.613 [DEBU] {98b853803443d8171ecd1d055c582be5} [  1 ms] [default] [shop] [rows:1  ] SELECT `id`,`name`,`password`,`role_ids`,`created_at`,`updated_at`,`user_salt`,`is_admin`,`deleted_at` FROM `admin_info` WHERE (`name`='steve') AND `deleted_at` IS NULL LIMIT 1
2024-06-12 20:59:10.615 [DEBU] {f8ca77803443d8171fcd1d0540e1659b} [  1 ms] [default] [shop] [rows:1  ] SELECT `id`,`name`,`password`,`role_ids`,`created_at`,`updated_at`,`user_salt`,`is_admin`,`deleted_at` FROM `admin_info` WHERE (`id`='13') AND `deleted_at` IS NULL LIMIT 1
2024-06-12 20:59:10.615 [DEBU] {14ff81803443d81720cd1d05334906e5} [  0 ms] [default] [shop] [rows:0  ] SELECT `id`,`role_id`,`permission_id`,`created_at`,`updated_at` FROM `role_permission_info` WHERE `role_id` IN ('1')
2024-06-12 20:59:10.616 [DEBU] {44b58c803443d81721cd1d0505c873ab} [  0 ms] [default] [shop] [rows:0  ] SELECT `id`,`name`,`path`,`created_at`,`updated_at`,`deleted_at` FROM `permission_info` WHERE (0=1) AND `deleted_at` IS NULL
2024-06-12 20:59:11.376 [DEBU] {4c2cdbad3443d81723cd1d056ed02cd7} [  0 ms] [default] [shop] [rows:1  ] SELECT `id`,`name`,`password`,`role_ids`,`created_at`,`updated_at`,`user_salt`,`is_admin`,`deleted_at` FROM `admin_info` WHERE (`name`='steve') AND `deleted_at` IS NULL LIMIT 1
2024-06-12 20:59:11.382 [DEBU] {202338ae3443d81724cd1d05fb607949} [  0 ms] [default] [shop] [rows:1  ] SELECT `id`,`name`,`password`,`role_ids`,`created_at`,`updated_at`,`user_salt`,`is_admin`,`deleted_at` FROM `admin_info` WHERE (`id`='13') AND `deleted_at` IS NULL LIMIT 1
2024-06-12 20:59:11.383 [DEBU] {944e48ae3443d81725cd1d055116728c} [  0 ms] [default] [shop] [rows:0  ] SELECT `id`,`role_id`,`permission_id`,`created_at`,`updated_at` FROM `role_permission_info` WHERE `role_id` IN ('1')
2024-06-12 20:59:11.384 [DEBU] {3c6750ae3443d81726cd1d05f82c6f7e} [  1 ms] [default] [shop] [rows:0  ] SELECT `id`,`name`,`path`,`created_at`,`updated_at`,`deleted_at` FROM `permission_info` WHERE (0=1) AND `deleted_at` IS NULL
2024-06-12 21:18:54.832 [DEBU] {24ffdf2f4844d817db597517ba7bed59} [159 ms] [default] [shop] [rows:15 ] SHOW FULL COLUMNS FROM `order_info`
2024-06-12 21:18:54.879 [DEBU] {24ffdf2f4844d817db597517ba7bed59} [ 13 ms] [default] [shop] [rows:1  ] SELECT COUNT(1) FROM `order_info` WHERE (`created_at` BETWEEN '2024-06-12 00:00:00' AND '2024-06-12 23:59:59') AND (id)
