2024-06-18 15:01:55.056 [DEBU] {3459d8013107da17fb875f3f1c53ae28} [178 ms] [default] [shop] [rows:15 ] SHOW FULL COLUMNS FROM `goods_info`
2024-06-18 15:01:55.093 [DEBU] {3459d8013107da17fb875f3f1c53ae28} [ 34 ms] [default] [shop] [rows:1  ] INSERT INTO `goods_info`(`pic_url`,`name`,`price`,`level1_category_id`,`level2_category_id`,`level3_category_id`,`brand`,`stock`,`sale`,`tags`,`detail_info`,`created_at`,`updated_at`) VALUES('minim ullamco ex','et ea laboris exercitation',10,1,2,3,'aliqua',12,1,'衣物','aliquip officia','2024-06-18 15:01:55','2024-06-18 15:01:55') 
2024-06-18 15:02:17.855 [DEBU] {24fa0f5c3607da17fc875f3fc5a2dbe0} [  3 ms] [default] [shop] [rows:0  ] [txid:1] BEGIN
2024-06-18 15:02:17.862 [DEBU] {24fa0f5c3607da17fc875f3fc5a2dbe0} [  7 ms] [default] [shop] [rows:0  ] [txid:1] UPDATE `goods_info` SET `deleted_at`='2024-06-18 15:02:17' WHERE (`id`=79400326) AND `deleted_at` IS NULL
2024-06-18 15:02:17.862 [DEBU] {24fa0f5c3607da17fc875f3fc5a2dbe0} [  0 ms] [default] [shop] [rows:0  ] [txid:1] COMMIT
2024-06-18 15:02:28.431 [DEBU] {e0fa34d23807da17fd875f3f22536a04} [  3 ms] [default] [shop] [rows:0  ] [txid:2] BEGIN
2024-06-18 15:02:28.441 [DEBU] {e0fa34d23807da17fd875f3f22536a04} [  9 ms] [default] [shop] [rows:1  ] [txid:2] UPDATE `goods_info` SET `deleted_at`='2024-06-18 15:02:28' WHERE (`id`=1) AND `deleted_at` IS NULL
2024-06-18 15:02:28.450 [DEBU] {e0fa34d23807da17fd875f3f22536a04} [  9 ms] [default] [shop] [rows:0  ] [txid:2] COMMIT
2024-06-18 15:05:12.441 [DEBU] {28e589015f07da17b1dbf3376d964792} [  4 ms] [default] [shop] [rows:0  ] [txid:1] BEGIN
2024-06-18 15:05:12.457 [DEBU] {28e589015f07da17b1dbf3376d964792} [ 16 ms] [default] [shop] [rows:15 ] [txid:1] SHOW FULL COLUMNS FROM `goods_info`
2024-06-18 15:05:12.460 [DEBU] {28e589015f07da17b1dbf3376d964792} [  3 ms] [default] [shop] [rows:0  ] [txid:1] UPDATE `goods_info` SET `deleted_at`='2024-06-18 15:05:12' WHERE (`id`=1) AND `deleted_at` IS NULL
2024-06-18 15:05:12.460 [DEBU] {28e589015f07da17b1dbf3376d964792} [  0 ms] [default] [shop] [rows:0  ] [txid:1] COMMIT
2024-06-18 15:05:13.691 [DEBU] {8005024d5f07da17b2dbf33780b484d4} [  0 ms] [default] [shop] [rows:0  ] [txid:2] BEGIN
2024-06-18 15:05:13.692 [DEBU] {8005024d5f07da17b2dbf33780b484d4} [  0 ms] [default] [shop] [rows:0  ] [txid:2] UPDATE `goods_info` SET `deleted_at`='2024-06-18 15:05:13' WHERE (`id`=1) AND `deleted_at` IS NULL
2024-06-18 15:05:13.692 [DEBU] {8005024d5f07da17b2dbf33780b484d4} [  0 ms] [default] [shop] [rows:0  ] [txid:2] COMMIT
2024-06-18 15:10:45.552 [DEBU] {f4015190ac07da17761f626919b91927} [  9 ms] [default] [shop] [rows:0  ] [txid:1] BEGIN
2024-06-18 15:10:45.565 [DEBU] {f4015190ac07da17761f626919b91927} [ 10 ms] [default] [shop] [rows:15 ] [txid:1] SHOW FULL COLUMNS FROM `goods_info`
2024-06-18 15:10:45.569 [DEBU] {f4015190ac07da17761f626919b91927} [  3 ms] [default] [shop] [rows:0  ] [txid:1] UPDATE `goods_info` SET `deleted_at`='2024-06-18 15:10:45' WHERE (`id`=1) AND `deleted_at` IS NULL
2024-06-18 15:10:45.569 [DEBU] {f4015190ac07da17761f626919b91927} [  0 ms] [default] [shop] [rows:0  ] [txid:1] COMMIT
2024-06-18 15:11:28.237 [DEBU] {14c8de80b607da177e6c9146c07e1ace} [  3 ms] [default] [shop] [rows:0  ] [txid:1] BEGIN
2024-06-18 15:11:28.249 [DEBU] {14c8de80b607da177e6c9146c07e1ace} [ 11 ms] [default] [shop] [rows:15 ] [txid:1] SHOW FULL COLUMNS FROM `goods_info`
2024-06-18 15:11:28.251 [DEBU] {14c8de80b607da177e6c9146c07e1ace} [  1 ms] [default] [shop] [rows:0  ] [txid:1] UPDATE `goods_info` SET `deleted_at`='2024-06-18 15:11:28' WHERE (`id`=1) AND `deleted_at` IS NULL
2024-06-18 15:11:28.252 [DEBU] {14c8de80b607da177e6c9146c07e1ace} [  1 ms] [default] [shop] [rows:0  ] [txid:1] COMMIT
2024-06-18 15:24:02.594 [DEBU] {0cafac236608da179662d0730d28a477} [  8 ms] [default] [shop] [rows:0  ] [txid:1] BEGIN
2024-06-18 15:24:02.616 [DEBU] {0cafac236608da179662d0730d28a477} [ 20 ms] [default] [shop] [rows:15 ] [txid:1] SHOW FULL COLUMNS FROM `goods_info`
2024-06-18 15:24:02.620 [DEBU] {0cafac236608da179662d0730d28a477} [  3 ms] [default] [shop] [rows:0  ] [txid:1] UPDATE `goods_info` SET `deleted_at`='2024-06-18 15:24:02' WHERE (`id`=1) AND `deleted_at` IS NULL
2024-06-18 15:24:02.636 [DEBU] {0cafac236608da179662d0730d28a477} [ 16 ms] [default] [shop] [rows:23 ] [txid:1] SHOW TABLES
2024-06-18 15:24:02.640 [DEBU] {0cafac236608da179662d0730d28a477} [  2 ms] [default] [shop] [rows:0  ] [txid:1] SELECT `deleted_at` FROM `goods_info` WHERE (`id`=1) AND `deleted_at` IS NULL LIMIT 1
2024-06-18 15:24:02.642 [DEBU] {0cafac236608da179662d0730d28a477} [  2 ms] [default] [shop] [rows:0  ] [txid:1] COMMIT
2024-06-18 15:25:01.233 [DEBU] {48cf46ca7308da177941813fa888218b} [ 19 ms] [default] [shop] [rows:15 ] SHOW FULL COLUMNS FROM `goods_info`
2024-06-18 15:25:01.270 [DEBU] {48cf46ca7308da177941813fa888218b} [ 36 ms] [default] [shop] [rows:1  ] INSERT INTO `goods_info`(`pic_url`,`name`,`price`,`level1_category_id`,`level2_category_id`,`level3_category_id`,`brand`,`stock`,`sale`,`tags`,`detail_info`,`created_at`,`updated_at`) VALUES('minim ullamco ex','et ea laboris exercitation',10,1,2,3,'aliqua',12,1,'衣物','aliquip officia','2024-06-18 15:25:01','2024-06-18 15:25:01') 
2024-06-18 15:25:06.036 [DEBU] {388b01ea7408da177a41813f40a8e8bd} [  1 ms] [default] [shop] [rows:0  ] [txid:1] BEGIN
2024-06-18 15:25:06.041 [DEBU] {388b01ea7408da177a41813f40a8e8bd} [  5 ms] [default] [shop] [rows:1  ] [txid:1] UPDATE `goods_info` SET `deleted_at`='2024-06-18 15:25:06' WHERE (`id`=6) AND `deleted_at` IS NULL
2024-06-18 15:25:06.046 [DEBU] {388b01ea7408da177a41813f40a8e8bd} [  5 ms] [default] [shop] [rows:23 ] [txid:1] SHOW TABLES
2024-06-18 15:25:06.048 [DEBU] {388b01ea7408da177a41813f40a8e8bd} [  1 ms] [default] [shop] [rows:0  ] [txid:1] SELECT `deleted_at` FROM `goods_info` WHERE (`id`=6) AND `deleted_at` IS NULL LIMIT 1
2024-06-18 15:25:06.057 [DEBU] {388b01ea7408da177a41813f40a8e8bd} [  9 ms] [default] [shop] [rows:0  ] [txid:1] COMMIT
2024-06-18 15:27:43.905 [DEBU] {582468aa9908da17461ed9621ff3f1c7} [ 14 ms] [default] [shop] [rows:15 ] SHOW FULL COLUMNS FROM `goods_info`
2024-06-18 15:27:43.919 [DEBU] {582468aa9908da17461ed9621ff3f1c7} [ 12 ms] [default] [shop] [rows:1  ] INSERT INTO `goods_info`(`pic_url`,`name`,`price`,`level1_category_id`,`level2_category_id`,`level3_category_id`,`brand`,`stock`,`sale`,`tags`,`detail_info`,`created_at`,`updated_at`) VALUES('minim ullamco ex','et ea laboris exercitation',10,1,2,3,'aliqua',12,1,'衣物','aliquip officia','2024-06-18 15:27:43','2024-06-18 15:27:43') 
2024-06-18 15:27:49.309 [DEBU] {7438f8ed9a08da17471ed962ff902b3f} [  1 ms] [default] [shop] [rows:0  ] [txid:1] BEGIN
2024-06-18 15:27:49.312 [DEBU] {7438f8ed9a08da17471ed962ff902b3f} [  3 ms] [default] [shop] [rows:1  ] [txid:1] UPDATE `goods_info` SET `deleted_at`='2024-06-18 15:27:49' WHERE (`id`=7) AND `deleted_at` IS NULL
2024-06-18 15:27:49.318 [DEBU] {7438f8ed9a08da17471ed962ff902b3f} [  5 ms] [default] [shop] [rows:23 ] [txid:1] SHOW TABLES
2024-06-18 15:27:49.320 [DEBU] {7438f8ed9a08da17471ed962ff902b3f} [  0 ms] [default] [shop] [rows:0  ] [txid:1] SELECT `deleted_at` FROM `goods_info` WHERE (`id`=7) AND `deleted_at` IS NULL LIMIT 1
2024-06-18 15:27:49.328 [DEBU] {7438f8ed9a08da17471ed962ff902b3f} [  7 ms] [default] [shop] [rows:0  ] [txid:1] ROLLBACK
2024-06-18 15:27:58.774 [DEBU] {c89a1f229d08da17481ed962178ebe00} [  1 ms] [default] [shop] [rows:0  ] [txid:2] BEGIN
2024-06-18 15:27:58.778 [DEBU] {c89a1f229d08da17481ed962178ebe00} [  4 ms] [default] [shop] [rows:1  ] [txid:2] UPDATE `goods_info` SET `deleted_at`='2024-06-18 15:27:58' WHERE (`id`=7) AND `deleted_at` IS NULL
2024-06-18 15:27:58.779 [DEBU] {c89a1f229d08da17481ed962178ebe00} [  0 ms] [default] [shop] [rows:0  ] [txid:2] SELECT `deleted_at` FROM `goods_info` WHERE (`id`=7) AND `deleted_at` IS NULL LIMIT 1
2024-06-18 15:27:58.787 [DEBU] {c89a1f229d08da17481ed962178ebe00} [  8 ms] [default] [shop] [rows:0  ] [txid:2] ROLLBACK
2024-06-18 15:29:54.370 [DEBU] {4047420bb808da17ab7d8d05dfdab57f} [ 12 ms] [default] [shop] [rows:15 ] SHOW FULL COLUMNS FROM `goods_info`
2024-06-18 15:29:54.383 [DEBU] {4047420bb808da17ab7d8d05dfdab57f} [ 12 ms] [default] [shop] [rows:1  ] INSERT INTO `goods_info`(`pic_url`,`name`,`price`,`level1_category_id`,`level2_category_id`,`level3_category_id`,`brand`,`stock`,`sale`,`tags`,`detail_info`,`created_at`,`updated_at`) VALUES('minim ullamco ex','et ea laboris exercitation',10,1,2,3,'aliqua',12,1,'衣物','aliquip officia','2024-06-18 15:29:54','2024-06-18 15:29:54') 
2024-06-18 15:29:58.663 [DEBU] {50ed710bb908da17ac7d8d05f148cd1b} [ 13 ms] [default] [shop] [rows:1  ] UPDATE `goods_info` SET `deleted_at`='2024-06-18 15:29:58' WHERE (`id`=8) AND `deleted_at` IS NULL
2024-06-18 15:30:10.356 [DEBU] {a4518ac4bb08da17ad7d8d05a990921e} [ 10 ms] [default] [shop] [rows:23 ] SHOW TABLES
2024-06-18 15:30:10.359 [DEBU] {a4518ac4bb08da17ad7d8d05a990921e} [  2 ms] [default] [shop] [rows:4  ] SELECT `id`,`pic_url`,`name`,`price`,`level1_category_id`,`level2_category_id`,`level3_category_id`,`brand`,`stock`,`sale`,`tags`,`detail_info`,`created_at`,`updated_at`,`deleted_at` FROM `goods_info` WHERE `deleted_at` IS NULL ORDER BY `price` DESC LIMIT 0,10
2024-06-18 15:30:10.365 [DEBU] {a4518ac4bb08da17ad7d8d05a990921e} [  5 ms] [default] [shop] [rows:1  ] SELECT COUNT(1) FROM `goods_info` WHERE `deleted_at` IS NULL
2024-06-18 15:30:10.367 [DEBU] {a4518ac4bb08da17ad7d8d05a990921e} [  0 ms] [default] [shop] [rows:4  ] SELECT `id`,`pic_url`,`name`,`price`,`level1_category_id`,`level2_category_id`,`level3_category_id`,`brand`,`stock`,`sale`,`tags`,`detail_info`,`created_at`,`updated_at`,`deleted_at` FROM `goods_info` WHERE `deleted_at` IS NULL ORDER BY `price` DESC LIMIT 0,10
