2024-06-17 12:34:01.290 [DEBU] {dcf922588ab0d9175082900c8dd96365} [192 ms] [default] [shop] [rows:15 ] SHOW FULL COLUMNS FROM `order_info`
2024-06-17 12:34:01.312 [DEBU] {dcf922588ab0d9175082900c8dd96365} [ 14 ms] [default] [shop] [rows:1  ] SELECT COUNT(1) FROM `order_info` WHERE (`created_at` BETWEEN '2024-06-17 00:00:00' AND '2024-06-17 23:59:59') AND (id)
2024-06-17 12:37:51.914 [DEBU] {bc1a6417c0b0d9175582900c342bd83e} [ 11 ms] [default] [shop] [rows:7  ] SHOW FULL COLUMNS FROM `rotation_info`
2024-06-17 12:37:51.996 [DEBU] {bc1a6417c0b0d9175582900c342bd83e} [ 81 ms] [default] [shop] [rows:1  ] SELECT COUNT(1) FROM `rotation_info` WHERE `deleted_at` IS NULL
2024-06-17 12:37:52.012 [DEBU] {bc1a6417c0b0d9175582900c342bd83e} [ 15 ms] [default] [shop] [rows:23 ] SHOW TABLES
2024-06-17 12:37:52.014 [DEBU] {bc1a6417c0b0d9175582900c342bd83e} [  2 ms] [default] [shop] [rows:8  ] SELECT `id`,`pic_url`,`link`,`sort`,`created_at`,`updated_at` FROM `rotation_info` WHERE `deleted_at` IS NULL LIMIT 0,10
2024-06-17 12:38:03.900 [DEBU] {a0230de3c2b0d9175682900c0f6f73b1} [  2 ms] [default] [shop] [rows:1  ] SELECT COUNT(1) FROM `rotation_info` WHERE `deleted_at` IS NULL
2024-06-17 12:38:03.902 [DEBU] {a0230de3c2b0d9175682900c0f6f73b1} [  2 ms] [default] [shop] [rows:8  ] SELECT `id`,`pic_url`,`link`,`sort`,`created_at`,`updated_at` FROM `rotation_info` WHERE `deleted_at` IS NULL LIMIT 0,10
2024-06-17 12:38:33.180 [DEBU] {f8d6c2b1c9b0d9175982900cd3156b0e} [ 11 ms] [default] [shop] [rows:9  ] SHOW FULL COLUMNS FROM `admin_info`
2024-06-17 12:38:33.189 [DEBU] {f8d6c2b1c9b0d9175982900cd3156b0e} [  9 ms] [default] [shop] [rows:4  ] SELECT `id`,`name`,`password`,`role_ids`,`created_at`,`updated_at`,`user_salt`,`is_admin`,`deleted_at` FROM `admin_info` WHERE `deleted_at` IS NULL LIMIT 0,10
2024-06-17 12:38:33.191 [DEBU] {f8d6c2b1c9b0d9175982900cd3156b0e} [  1 ms] [default] [shop] [rows:1  ] SELECT COUNT(1) FROM `admin_info` WHERE `deleted_at` IS NULL
2024-06-17 12:38:33.192 [DEBU] {f8d6c2b1c9b0d9175982900cd3156b0e} [  1 ms] [default] [shop] [rows:4  ] SELECT `id`,`name`,`role_ids`,`is_admin`,`created_at`,`updated_at` FROM `admin_info` WHERE `deleted_at` IS NULL LIMIT 0,10
2024-06-17 12:43:04.084 [DEBU] {c0b3b4c208b1d9176482900c4b14780a} [ 46 ms] [default] [shop] [rows:1  ] INSERT INTO `admin_info`(`name`,`password`,`role_ids`,`created_at`,`updated_at`,`user_salt`,`is_admin`) VALUES('vip','de8a6b3c165505d51d584ab764cec932','do in eu Duis','2024-06-17 12:43:04','2024-06-17 12:43:04','vDHBOMujs4',1) 
2024-06-17 12:43:45.736 [DEBU] {60f7167812b1d9176682900c42b3f4d4} [ 36 ms] [default] [shop] [rows:1  ] SELECT `id`,`name`,`password`,`role_ids`,`created_at`,`updated_at`,`user_salt`,`is_admin`,`deleted_at` FROM `admin_info` WHERE (`name`='vip') AND `deleted_at` IS NULL LIMIT 1
2024-06-17 12:43:47.453 [DEBU] {948073e012b1d9176882900cc67ebadf} [  1 ms] [default] [shop] [rows:1  ] SELECT `id`,`name`,`password`,`role_ids`,`created_at`,`updated_at`,`user_salt`,`is_admin`,`deleted_at` FROM `admin_info` WHERE (`name`='vip') AND `deleted_at` IS NULL LIMIT 1
2024-06-17 12:44:12.467 [DEBU] {24ac70b318b1d9176a82900c57fa53df} [  1 ms] [default] [shop] [rows:1  ] SELECT `id`,`name`,`password`,`role_ids`,`created_at`,`updated_at`,`user_salt`,`is_admin`,`deleted_at` FROM `admin_info` WHERE (`name`='vip') AND `deleted_at` IS NULL LIMIT 1
2024-06-17 12:44:12.488 [DEBU] {c07fb4b418b1d9176b82900c1fb4d33c} [  1 ms] [default] [shop] [rows:1  ] SELECT `id`,`name`,`password`,`role_ids`,`created_at`,`updated_at`,`user_salt`,`is_admin`,`deleted_at` FROM `admin_info` WHERE (`id`='17') AND `deleted_at` IS NULL LIMIT 1
2024-06-17 12:44:12.493 [DEBU] {f85dc6b418b1d9176c82900c52f8e6ed} [  5 ms] [default] [shop] [rows:5  ] SHOW FULL COLUMNS FROM `role_permission_info`
2024-06-17 12:44:12.527 [DEBU] {982432b518b1d9176d82900c11afa537} [ 32 ms] [default] [shop] [rows:1  ] SELECT `id`,`role_id`,`permission_id`,`created_at`,`updated_at` FROM `role_permission_info` WHERE `role_id` IN ('do in eu Duis')
2024-06-17 12:44:12.528 [DEBU] {1ce81fb718b1d9176e82900c1c66f8f9} [  0 ms] [default] [shop] [rows:6  ] SHOW FULL COLUMNS FROM `permission_info`
2024-06-17 12:44:12.553 [DEBU] {00803fb718b1d9176f82900c54f9cd44} [ 23 ms] [default] [shop] [rows:0  ] SELECT `id`,`name`,`path`,`created_at`,`updated_at`,`deleted_at` FROM `permission_info` WHERE (`id` IN (0)) AND `deleted_at` IS NULL
2024-06-17 12:44:28.877 [DEBU] {341a6e841cb1d9177082900c7e2a338c} [ 15 ms] [default] [shop] [rows:8  ] SHOW FULL COLUMNS FROM `coupon_info`
2024-06-17 12:44:28.889 [DEBU] {341a6e841cb1d9177082900c7e2a338c} [ 12 ms] [default] [shop] [rows:1  ] INSERT INTO `coupon_info`(`name`,`price`,`goods_ids`,`category_id`,`created_at`,`updated_at`) VALUES('sit est labore',0,'deserunt dolor ipsum Ut pariatur',10,'2024-06-17 12:44:28','2024-06-17 12:44:28') 
2024-06-17 12:45:25.924 [DEBU] {4053c4cc29b1d9177282900c4b86c1a4} [  6 ms] [default] [shop] [rows:0  ] [txid:1] BEGIN
2024-06-17 12:45:25.932 [DEBU] {4053c4cc29b1d9177282900c4b86c1a4} [  8 ms] [default] [shop] [rows:1  ] [txid:1] UPDATE `coupon_info` SET `deleted_at`='2024-06-17 12:45:25' WHERE (`id`=16) AND `deleted_at` IS NULL
2024-06-17 12:45:25.940 [DEBU] {4053c4cc29b1d9177282900c4b86c1a4} [  8 ms] [default] [shop] [rows:0  ] [txid:1] COMMIT
2024-06-17 12:50:07.898 [DEBU] {90ebf4716bb1d9177582900cee2a84dc} [  9 ms] [default] [shop] [rows:13 ] SELECT `id`,`name`,`price`,`goods_ids`,`category_id`,`created_at`,`updated_at`,`deleted_at` FROM `coupon_info` WHERE `deleted_at` IS NULL ORDER BY `price` DESC
2024-06-17 12:50:07.900 [DEBU] {90ebf4716bb1d9177582900cee2a84dc} [  0 ms] [default] [shop] [rows:1  ] SELECT COUNT(1) FROM `coupon_info` WHERE `deleted_at` IS NULL
2024-06-17 12:50:07.901 [DEBU] {90ebf4716bb1d9177582900cee2a84dc} [  1 ms] [default] [shop] [rows:13 ] SELECT `id`,`name`,`price`,`goods_ids`,`category_id`,`created_at`,`updated_at` FROM `coupon_info` WHERE `deleted_at` IS NULL ORDER BY `price` DESC
2024-06-17 12:50:25.194 [DEBU] {1c884b7b6fb1d9177782900ce8a034ea} [  1 ms] [default] [shop] [rows:10 ] SELECT `id`,`name`,`price`,`goods_ids`,`category_id`,`created_at`,`updated_at`,`deleted_at` FROM `coupon_info` WHERE `deleted_at` IS NULL ORDER BY `price` DESC LIMIT 0,10
2024-06-17 12:50:25.195 [DEBU] {1c884b7b6fb1d9177782900ce8a034ea} [  1 ms] [default] [shop] [rows:1  ] SELECT COUNT(1) FROM `coupon_info` WHERE `deleted_at` IS NULL
2024-06-17 12:50:25.196 [DEBU] {1c884b7b6fb1d9177782900ce8a034ea} [  1 ms] [default] [shop] [rows:10 ] SELECT `id`,`name`,`price`,`goods_ids`,`category_id`,`created_at`,`updated_at` FROM `coupon_info` WHERE `deleted_at` IS NULL ORDER BY `price` DESC LIMIT 0,10
2024-06-17 12:50:41.286 [DEBU] {88d20e3a73b1d9177882900c99f08350} [  5 ms] [default] [shop] [rows:0  ] UPDATE `coupon_info` SET `name`='id',`price`=59751787,`goods_ids`='et',`category_id`=59625353,`updated_at`='2024-06-17 12:50:41' WHERE (`id`=58895679) AND `deleted_at` IS NULL
2024-06-17 12:51:12.968 [DEBU] {443abf9a7ab1d9177982900c2bbd1806} [  5 ms] [default] [shop] [rows:0  ] UPDATE `coupon_info` SET `name`='id',`price`=59751787,`goods_ids`='et',`category_id`=59625353,`updated_at`='2024-06-17 12:51:12' WHERE (`id`=16) AND `deleted_at` IS NULL
2024-06-17 12:51:46.339 [DEBU] {84875b5f82b1d9177a82900c27e27fdc} [  6 ms] [default] [shop] [rows:0  ] UPDATE `coupon_info` SET `name`='test',`price`=0,`goods_ids`='1',`category_id`=12,`updated_at`='2024-06-17 12:51:46' WHERE (`id`=16) AND `deleted_at` IS NULL
2024-06-17 12:53:01.825 [DEBU] {24f594f293b1d9177b82900cd198454d} [ 10 ms] [default] [shop] [rows:0  ] UPDATE `coupon_info` SET `name`='test',`price`=0,`goods_ids`='1',`category_id`=12,`updated_at`='2024-06-17 12:53:01' WHERE (`id`=0) AND `deleted_at` IS NULL
2024-06-17 13:02:25.640 [DEBU] {38067a3217b2d9176381172a6d02a53e} [107 ms] [default] [shop] [rows:23 ] SHOW TABLES
2024-06-17 13:02:25.654 [DEBU] {38067a3217b2d9176381172a6d02a53e} [ 12 ms] [default] [shop] [rows:8  ] SHOW FULL COLUMNS FROM `coupon_info`
2024-06-17 13:02:25.663 [DEBU] {38067a3217b2d9176381172a6d02a53e} [  8 ms] [default] [shop] [rows:0  ] UPDATE `coupon_info` SET `name`='test',`price`=0,`goods_ids`='1',`category_id`=12,`updated_at`='2024-06-17 13:02:25' WHERE (`id`=16) AND `deleted_at` IS NULL
2024-06-17 13:03:03.014 [DEBU] {b4c57bec1fb2d9176481172a4eb52a9a} [  7 ms] [default] [shop] [rows:0  ] UPDATE `coupon_info` SET `name`='test',`price`=0,`goods_ids`='1',`category_id`=12,`updated_at`='2024-06-17 13:03:03' WHERE (`id`=0) AND `deleted_at` IS NULL
2024-06-17 13:03:45.675 [DEBU] {dc7b8dd929b2d9176681172afb4248ad} [ 34 ms] [default] [shop] [rows:1  ] UPDATE `coupon_info` SET `name`='test',`price`=0,`goods_ids`='1',`category_id`=12,`updated_at`='2024-06-17 13:03:45' WHERE (`id`=1) AND `deleted_at` IS NULL
