2024-06-10 14:18:13.002 [DEBU] {dc1282032a90d71726e40d5ee235f673} [ 15 ms] [default] [shop] [rows:23 ] SHOW TABLES
2024-06-10 14:18:13.006 [DEBU] {60c57c042a90d71727e40d5e53a61596} [  3 ms] [default] [shop] [rows:9  ] SHOW FULL COLUMNS FROM `admin_info`
2024-06-10 14:18:13.007 [DEBU] {3434ad042a90d71728e40d5ef37c70b7} [  1 ms] [default] [shop] [rows:1  ] SELECT `id`,`name`,`password`,`role_ids`,`created_at`,`updated_at`,`user_salt`,`is_admin`,`deleted_at` FROM `admin_info` WHERE (`name`='steve') AND `deleted_at` IS NULL LIMIT 1
2024-06-10 14:18:13.010 [DEBU] {44cfd4042a90d71729e40d5e73af4848} [  1 ms] [default] [shop] [rows:1  ] SELECT `id`,`name`,`password`,`role_ids`,`created_at`,`updated_at`,`user_salt`,`is_admin`,`deleted_at` FROM `admin_info` WHERE (`id`='13') AND `deleted_at` IS NULL LIMIT 1
2024-06-10 14:18:13.044 [DEBU] {3c9fd3062a90d7172ae40d5ef0d68447} [  2 ms] [default] [shop] [rows:5  ] SHOW FULL COLUMNS FROM `role_permission_info`
2024-06-10 14:18:13.045 [DEBU] {08a4ee062a90d7172be40d5ef3dc4d7a} [  1 ms] [default] [shop] [rows:0  ] SELECT `id`,`role_id`,`permission_id`,`created_at`,`updated_at` FROM `role_permission_info` WHERE `role_id` IN ('1')
2024-06-10 14:18:13.045 [DEBU] {e84cfc062a90d7172ce40d5e9f6f0002} [  0 ms] [default] [shop] [rows:6  ] SHOW FULL COLUMNS FROM `permission_info`
2024-06-10 14:18:13.046 [DEBU] {003c13072a90d7172de40d5ee3e5bbd3} [  0 ms] [default] [shop] [rows:0  ] SELECT `id`,`name`,`path`,`created_at`,`updated_at`,`deleted_at` FROM `permission_info` WHERE (0=1) AND `deleted_at` IS NULL
2024-06-10 14:20:21.220 [DEBU] {00683dde4790d71721e1f304596da3b4} [ 10 ms] [default] [shop] [rows:23 ] SHOW TABLES
2024-06-10 14:20:21.223 [DEBU] {3479dede4790d71722e1f3045224431b} [  2 ms] [default] [shop] [rows:9  ] SHOW FULL COLUMNS FROM `admin_info`
2024-06-10 14:20:21.225 [DEBU] {f0e50fdf4790d71723e1f3042efe8032} [  1 ms] [default] [shop] [rows:1  ] SELECT `id`,`name`,`password`,`role_ids`,`created_at`,`updated_at`,`user_salt`,`is_admin`,`deleted_at` FROM `admin_info` WHERE (`name`='steve') AND `deleted_at` IS NULL LIMIT 1
2024-06-10 14:20:21.233 [DEBU] {a8ef84df4790d71724e1f3049547a2b3} [  1 ms] [default] [shop] [rows:1  ] SELECT `id`,`name`,`password`,`role_ids`,`created_at`,`updated_at`,`user_salt`,`is_admin`,`deleted_at` FROM `admin_info` WHERE (`id`='13') AND `deleted_at` IS NULL LIMIT 1
2024-06-10 14:20:21.237 [DEBU] {b023a3df4790d71725e1f304e3bade5b} [  3 ms] [default] [shop] [rows:5  ] SHOW FULL COLUMNS FROM `role_permission_info`
2024-06-10 14:20:21.239 [DEBU] {84d4e1df4790d71726e1f304d9f1d6c8} [  1 ms] [default] [shop] [rows:0  ] SELECT `id`,`role_id`,`permission_id`,`created_at`,`updated_at` FROM `role_permission_info` WHERE `role_id` IN ('1')
2024-06-10 14:20:21.241 [DEBU] {4c76f5df4790d71727e1f304b32a2136} [  2 ms] [default] [shop] [rows:6  ] SHOW FULL COLUMNS FROM `permission_info`
2024-06-10 14:20:21.242 [DEBU] {88b10fe04790d71728e1f304e42c1580} [  1 ms] [default] [shop] [rows:0  ] SELECT `id`,`name`,`path`,`created_at`,`updated_at`,`deleted_at` FROM `permission_info` WHERE (0=1) AND `deleted_at` IS NULL
2024-06-10 14:33:43.584 [DEBU] {403918af0291d7174e8ca7606812f323} [  5 ms] [default] [shop] [rows:15 ] SHOW FULL COLUMNS FROM `order_info`
2024-06-10 14:33:43.586 [DEBU] {403918af0291d7174e8ca7606812f323} [  0 ms] [default] [shop] [rows:1  ] SELECT COUNT(1) FROM `order_info` WHERE (`created_at` BETWEEN '2024-06-10 00:00:00' AND '2024-06-10 23:59:59') AND (id)
2024-06-10 14:34:18.503 [DEBU] {508a83d00a91d717ba1dd504d4c3a43a} [  4 ms] [default] [shop] [rows:23 ] SHOW TABLES
2024-06-10 14:34:18.506 [DEBU] {44c3e2d00a91d717bb1dd504ee5a940b} [  1 ms] [default] [shop] [rows:9  ] SHOW FULL COLUMNS FROM `admin_info`
2024-06-10 14:34:18.509 [DEBU] {0850fbd00a91d717bc1dd50481256c6a} [  3 ms] [default] [shop] [rows:1  ] SELECT `id`,`name`,`password`,`role_ids`,`created_at`,`updated_at`,`user_salt`,`is_admin`,`deleted_at` FROM `admin_info` WHERE (`name`='steve') AND `deleted_at` IS NULL LIMIT 1
2024-06-10 14:34:18.514 [DEBU] {a0ee5fd10a91d717bd1dd504b8fed5a6} [  1 ms] [default] [shop] [rows:1  ] SELECT `id`,`name`,`password`,`role_ids`,`created_at`,`updated_at`,`user_salt`,`is_admin`,`deleted_at` FROM `admin_info` WHERE (`id`='13') AND `deleted_at` IS NULL LIMIT 1
2024-06-10 14:34:18.516 [DEBU] {649270d10a91d717be1dd50442a87a58} [  2 ms] [default] [shop] [rows:5  ] SHOW FULL COLUMNS FROM `role_permission_info`
2024-06-10 14:34:18.517 [DEBU] {d8b38ad10a91d717bf1dd50473d13f27} [  1 ms] [default] [shop] [rows:0  ] SELECT `id`,`role_id`,`permission_id`,`created_at`,`updated_at` FROM `role_permission_info` WHERE `role_id` IN ('1')
2024-06-10 14:34:18.518 [DEBU] {5c8e95d10a91d717c01dd5047b2bc5ed} [  1 ms] [default] [shop] [rows:6  ] SHOW FULL COLUMNS FROM `permission_info`
2024-06-10 14:34:18.519 [DEBU] {e452b7d10a91d717c11dd5040823d66f} [  0 ms] [default] [shop] [rows:0  ] SELECT `id`,`name`,`path`,`created_at`,`updated_at`,`deleted_at` FROM `permission_info` WHERE (0=1) AND `deleted_at` IS NULL
2024-06-10 14:34:22.021 [DEBU] {f08457a20b91d717c21dd504b1ce797a} [  2 ms] [default] [shop] [rows:15 ] SHOW FULL COLUMNS FROM `order_info`
2024-06-10 14:34:22.023 [DEBU] {f08457a20b91d717c21dd504b1ce797a} [  1 ms] [default] [shop] [rows:1  ] SELECT COUNT(1) FROM `order_info` WHERE (`created_at` BETWEEN '2024-06-10 00:00:00' AND '2024-06-10 23:59:59') AND (id)
2024-06-10 14:34:22.800 [DEBU] {7cb3cdd00b91d717c31dd504d5ab9372} [  1 ms] [default] [shop] [rows:1  ] SELECT COUNT(1) FROM `order_info` WHERE (`created_at` BETWEEN '2024-06-10 00:00:00' AND '2024-06-10 23:59:59') AND (id)
2024-06-10 15:11:36.095 [DEBU] {240228cb1393d717d51c376d290de560} [  6 ms] [default] [shop] [rows:6  ] SHOW FULL COLUMNS FROM `role_info`
2024-06-10 15:11:36.128 [DEBU] {240228cb1393d717d51c376d290de560} [ 32 ms] [default] [shop] [rows:1  ] INSERT INTO `role_info`(`name`,`desc`,`created_at`,`updated_at`) VALUES('客服','','2024-06-10 15:11:36','2024-06-10 15:11:36') 
2024-06-10 15:11:52.818 [ERRO] {1cb9aeaf1793d717d61c376d5dce7832} [ 10 ms] [default] [shop] [rows:0  ] INSERT INTO `role_info`(`name`,`desc`,`created_at`,`updated_at`) VALUES('客服','前台客服','2024-06-10 15:11:52','2024-06-10 15:11:52') 
Error: Error 1062 (23000): Duplicate entry '客服' for key 'role_info.unique_index' 
Stack:
1.  goBack/internal/logic/role.(*sRole).Create
    E:/User/work/gowork/goBack/internal/logic/role/role.go:21
2.  goBack/internal/controller.(*cRole).Create
    E:/User/work/gowork/goBack/internal/controller/role.go:16
3.  goBack/internal/logic/middleware.(*sMiddleware).ResponseHandler
    E:/User/work/gowork/goBack/internal/logic/middleware/middleware.go:52
4.  goBack/internal/logic/middleware.(*sMiddleware).Ctx
    E:/User/work/gowork/goBack/internal/logic/middleware/middleware.go:109
5.  goBack/internal/logic/middleware.(*sMiddleware).CORS
    E:/User/work/gowork/goBack/internal/logic/middleware/middleware.go:114

2024-06-10 15:12:05.635 [DEBU] {24d270ab1a93d717d71c376de4889fc7} [ 15 ms] [default] [shop] [rows:1  ] INSERT INTO `role_info`(`name`,`desc`,`created_at`,`updated_at`) VALUES('客服1','前台客服','2024-06-10 15:12:05','2024-06-10 15:12:05') 
