2024-06-07 15:59:04.022 [DEBU] {84e41b2deda9d617dabf0e5b8e58fa24} [  5 ms] [default] [shop] [rows:23 ] SHOW TABLES
2024-06-07 15:59:04.024 [DEBU] {340a6e2deda9d617dbbf0e5b5dac6652} [  2 ms] [default] [shop] [rows:9  ] SHOW FULL COLUMNS FROM `admin_info`
2024-06-07 15:59:04.029 [DEBU] {38798c2deda9d617dcbf0e5ba9f3f1cb} [  5 ms] [default] [shop] [rows:1  ] SELECT `id`,`name`,`password`,`role_ids`,`created_at`,`updated_at`,`user_salt`,`is_admin`,`deleted_at` FROM `admin_info` WHERE (`name`='steve') AND `deleted_at` IS NULL LIMIT 1
2024-06-07 15:59:04.030 [DEBU] {40c7e02deda9d617ddbf0e5b01dd2ab3} [  0 ms] [default] [shop] [rows:1  ] SELECT `id`,`name`,`password`,`role_ids`,`created_at`,`updated_at`,`user_salt`,`is_admin`,`deleted_at` FROM `admin_info` WHERE (`id`='13') AND `deleted_at` IS NULL LIMIT 1
2024-06-07 15:59:04.036 [DEBU] {a09d272eeda9d617debf0e5ba6f2e4be} [  1 ms] [default] [shop] [rows:5  ] SHOW FULL COLUMNS FROM `role_permission_info`
2024-06-07 15:59:04.049 [DEBU] {940d372eeda9d617dfbf0e5b488d75de} [ 13 ms] [default] [shop] [rows:0  ] SELECT `id`,`role_id`,`permission_id`,`created_at`,`updated_at` FROM `role_permission_info` WHERE `role_id` IN ('1')
2024-06-07 15:59:04.049 [DEBU] {c45d012feda9d617e0bf0e5bea7d1392} [  0 ms] [default] [shop] [rows:6  ] SHOW FULL COLUMNS FROM `permission_info`
2024-06-07 15:59:04.053 [DEBU] {2c48182feda9d617e1bf0e5be1179851} [  3 ms] [default] [shop] [rows:0  ] SELECT `id`,`name`,`path`,`created_at`,`updated_at`,`deleted_at` FROM `permission_info` WHERE (0=1) AND `deleted_at` IS NULL
2024-06-07 16:06:50.376 [DEBU] {ec832bc259aad617e4bf0e5b203d0897} [  2 ms] [default] [shop] [rows:1  ] SELECT `id`,`name`,`password`,`role_ids`,`created_at`,`updated_at`,`user_salt`,`is_admin`,`deleted_at` FROM `admin_info` WHERE (`name`='steve') AND `deleted_at` IS NULL LIMIT 1
2024-06-07 16:06:50.378 [DEBU] {f0a456c259aad617e5bf0e5bd61f8951} [  1 ms] [default] [shop] [rows:1  ] SELECT `id`,`name`,`password`,`role_ids`,`created_at`,`updated_at`,`user_salt`,`is_admin`,`deleted_at` FROM `admin_info` WHERE (`id`='13') AND `deleted_at` IS NULL LIMIT 1
2024-06-07 16:06:50.378 [DEBU] {38d461c259aad617e6bf0e5b46597501} [  0 ms] [default] [shop] [rows:0  ] SELECT `id`,`role_id`,`permission_id`,`created_at`,`updated_at` FROM `role_permission_info` WHERE `role_id` IN ('1')
2024-06-07 16:06:50.379 [DEBU] {80b169c259aad617e7bf0e5b0842937c} [  1 ms] [default] [shop] [rows:0  ] SELECT `id`,`name`,`path`,`created_at`,`updated_at`,`deleted_at` FROM `permission_info` WHERE (0=1) AND `deleted_at` IS NULL
2024-06-07 16:06:52.021 [DEBU] {942d45245aaad617e9bf0e5b67aa3222} [  1 ms] [default] [shop] [rows:1  ] SELECT `id`,`name`,`password`,`role_ids`,`created_at`,`updated_at`,`user_salt`,`is_admin`,`deleted_at` FROM `admin_info` WHERE (`name`='steve') AND `deleted_at` IS NULL LIMIT 1
2024-06-07 16:06:52.021 [DEBU] {186e58245aaad617eabf0e5b354a99b6} [  0 ms] [default] [shop] [rows:1  ] SELECT `id`,`name`,`password`,`role_ids`,`created_at`,`updated_at`,`user_salt`,`is_admin`,`deleted_at` FROM `admin_info` WHERE (`id`='13') AND `deleted_at` IS NULL LIMIT 1
2024-06-07 16:06:52.022 [DEBU] {f88560245aaad617ebbf0e5b57f30735} [  0 ms] [default] [shop] [rows:0  ] SELECT `id`,`role_id`,`permission_id`,`created_at`,`updated_at` FROM `role_permission_info` WHERE `role_id` IN ('1')
2024-06-07 16:06:52.023 [DEBU] {e87968245aaad617ecbf0e5b83b74e6f} [  0 ms] [default] [shop] [rows:0  ] SELECT `id`,`name`,`path`,`created_at`,`updated_at`,`deleted_at` FROM `permission_info` WHERE (0=1) AND `deleted_at` IS NULL
2024-06-07 16:06:52.767 [DEBU] {a8bfc2505aaad617eebf0e5ba46422e0} [  0 ms] [default] [shop] [rows:1  ] SELECT `id`,`name`,`password`,`role_ids`,`created_at`,`updated_at`,`user_salt`,`is_admin`,`deleted_at` FROM `admin_info` WHERE (`name`='steve') AND `deleted_at` IS NULL LIMIT 1
2024-06-07 16:06:52.768 [DEBU] {3cc9d4505aaad617efbf0e5baad72e77} [  0 ms] [default] [shop] [rows:1  ] SELECT `id`,`name`,`password`,`role_ids`,`created_at`,`updated_at`,`user_salt`,`is_admin`,`deleted_at` FROM `admin_info` WHERE (`id`='13') AND `deleted_at` IS NULL LIMIT 1
2024-06-07 16:06:52.768 [DEBU] {b0d9dc505aaad617f0bf0e5b929d4a42} [  0 ms] [default] [shop] [rows:0  ] SELECT `id`,`role_id`,`permission_id`,`created_at`,`updated_at` FROM `role_permission_info` WHERE `role_id` IN ('1')
2024-06-07 16:06:52.769 [DEBU] {accbe4505aaad617f1bf0e5b67cf7dd7} [  0 ms] [default] [shop] [rows:0  ] SELECT `id`,`name`,`path`,`created_at`,`updated_at`,`deleted_at` FROM `permission_info` WHERE (0=1) AND `deleted_at` IS NULL
2024-06-07 16:13:14.023 [DEBU] {ec70dd14b3aad6173c1bb750302f1700} [  9 ms] [default] [shop] [rows:23 ] SHOW TABLES
2024-06-07 16:13:14.026 [DEBU] {e0747b15b3aad6173d1bb75037a744d9} [  2 ms] [default] [shop] [rows:9  ] SHOW FULL COLUMNS FROM `admin_info`
2024-06-07 16:13:14.027 [DEBU] {1c8ea315b3aad6173e1bb750688c7448} [  0 ms] [default] [shop] [rows:1  ] SELECT `id`,`name`,`password`,`role_ids`,`created_at`,`updated_at`,`user_salt`,`is_admin`,`deleted_at` FROM `admin_info` WHERE (`name`='steve') AND `deleted_at` IS NULL LIMIT 1
2024-06-07 16:13:14.028 [DEBU] {9c85b315b3aad6173f1bb7506f81ccea} [  0 ms] [default] [shop] [rows:1  ] SELECT `id`,`name`,`password`,`role_ids`,`created_at`,`updated_at`,`user_salt`,`is_admin`,`deleted_at` FROM `admin_info` WHERE (`id`='13') AND `deleted_at` IS NULL LIMIT 1
2024-06-07 16:13:14.029 [DEBU] {687fbb15b3aad617401bb7508c2a12bc} [  1 ms] [default] [shop] [rows:5  ] SHOW FULL COLUMNS FROM `role_permission_info`
2024-06-07 16:13:14.029 [DEBU] {a460cb15b3aad617411bb750dd156251} [  0 ms] [default] [shop] [rows:0  ] SELECT `id`,`role_id`,`permission_id`,`created_at`,`updated_at` FROM `role_permission_info` WHERE `role_id` IN ('1')
2024-06-07 16:13:14.031 [DEBU] {d851d315b3aad617421bb7508649169c} [  1 ms] [default] [shop] [rows:6  ] SHOW FULL COLUMNS FROM `permission_info`
2024-06-07 16:13:14.031 [DEBU] {8c71e615b3aad617431bb7509826c234} [  0 ms] [default] [shop] [rows:0  ] SELECT `id`,`name`,`path`,`created_at`,`updated_at`,`deleted_at` FROM `permission_info` WHERE (0=1) AND `deleted_at` IS NULL
2024-06-07 16:15:52.953 [DEBU] {b0952316d8aad617a80c513cb56713a3} [  4 ms] [default] [shop] [rows:23 ] SHOW TABLES
2024-06-07 16:15:52.956 [DEBU] {bc577816d8aad617a90c513c3f491fef} [  1 ms] [default] [shop] [rows:9  ] SHOW FULL COLUMNS FROM `admin_info`
2024-06-07 16:15:52.956 [DEBU] {68698816d8aad617aa0c513cef79b3d1} [  0 ms] [default] [shop] [rows:1  ] SELECT `id`,`name`,`password`,`role_ids`,`created_at`,`updated_at`,`user_salt`,`is_admin`,`deleted_at` FROM `admin_info` WHERE (`name`='steve') AND `deleted_at` IS NULL LIMIT 1
2024-06-07 16:15:52.957 [DEBU] {388e9816d8aad617ab0c513cba59d491} [  0 ms] [default] [shop] [rows:1  ] SELECT `id`,`name`,`password`,`role_ids`,`created_at`,`updated_at`,`user_salt`,`is_admin`,`deleted_at` FROM `admin_info` WHERE (`id`='13') AND `deleted_at` IS NULL LIMIT 1
2024-06-07 16:15:52.958 [DEBU] {18f1a016d8aad617ac0c513c71138c0b} [  1 ms] [default] [shop] [rows:5  ] SHOW FULL COLUMNS FROM `role_permission_info`
2024-06-07 16:15:52.958 [DEBU] {a0d4a816d8aad617ad0c513c0e7b2882} [  0 ms] [default] [shop] [rows:0  ] SELECT `id`,`role_id`,`permission_id`,`created_at`,`updated_at` FROM `role_permission_info` WHERE `role_id` IN ('1')
2024-06-07 16:15:52.959 [DEBU] {20e3b016d8aad617ae0c513cb2d781b9} [  1 ms] [default] [shop] [rows:6  ] SHOW FULL COLUMNS FROM `permission_info`
2024-06-07 16:15:52.959 [DEBU] {68d5c116d8aad617af0c513caf999236} [  0 ms] [default] [shop] [rows:0  ] SELECT `id`,`name`,`path`,`created_at`,`updated_at`,`deleted_at` FROM `permission_info` WHERE (0=1) AND `deleted_at` IS NULL
2024-06-07 16:16:48.837 [DEBU] {74052119e5aad6176348514f23991119} [  3 ms] [default] [shop] [rows:23 ] SHOW TABLES
2024-06-07 16:16:48.839 [DEBU] {78c36819e5aad6176448514ff576d09e} [  1 ms] [default] [shop] [rows:9  ] SHOW FULL COLUMNS FROM `admin_info`
2024-06-07 16:16:48.840 [DEBU] {04b97819e5aad6176548514f151f4960} [  1 ms] [default] [shop] [rows:1  ] SELECT `id`,`name`,`password`,`role_ids`,`created_at`,`updated_at`,`user_salt`,`is_admin`,`deleted_at` FROM `admin_info` WHERE (`name`='steve') AND `deleted_at` IS NULL LIMIT 1
2024-06-07 16:16:48.841 [DEBU] {b4c18819e5aad6176648514f897392d3} [  0 ms] [default] [shop] [rows:1  ] SELECT `id`,`name`,`password`,`role_ids`,`created_at`,`updated_at`,`user_salt`,`is_admin`,`deleted_at` FROM `admin_info` WHERE (`id`='13') AND `deleted_at` IS NULL LIMIT 1
2024-06-07 16:16:48.842 [DEBU] {44c59019e5aad6176748514f7adbf694} [  1 ms] [default] [shop] [rows:5  ] SHOW FULL COLUMNS FROM `role_permission_info`
2024-06-07 16:16:48.843 [DEBU] {4cb7a019e5aad6176848514fabcbcc43} [  1 ms] [default] [shop] [rows:0  ] SELECT `id`,`role_id`,`permission_id`,`created_at`,`updated_at` FROM `role_permission_info` WHERE `role_id` IN ('1')
2024-06-07 16:16:48.844 [DEBU] {a8b2a819e5aad6176948514f7202e6e5} [  1 ms] [default] [shop] [rows:6  ] SHOW FULL COLUMNS FROM `permission_info`
2024-06-07 16:16:48.844 [DEBU] {7c9cb819e5aad6176a48514f7c176ecc} [  0 ms] [default] [shop] [rows:0  ] SELECT `id`,`name`,`path`,`created_at`,`updated_at`,`deleted_at` FROM `permission_info` WHERE (0=1) AND `deleted_at` IS NULL
2024-06-07 16:31:05.883 [DEBU] {74b68fa4acabd61700cfbd00013f9d2e} [ 11 ms] [default] [shop] [rows:23 ] SHOW TABLES
2024-06-07 16:31:05.918 [DEBU] {cc3240a7acabd61701cfbd00d8396738} [  1 ms] [default] [shop] [rows:9  ] SHOW FULL COLUMNS FROM `admin_info`
2024-06-07 16:31:05.921 [DEBU] {44fc62a7acabd61702cfbd00d27ca287} [  2 ms] [default] [shop] [rows:1  ] SELECT `id`,`name`,`password`,`role_ids`,`created_at`,`updated_at`,`user_salt`,`is_admin`,`deleted_at` FROM `admin_info` WHERE (`name`='steve') AND `deleted_at` IS NULL LIMIT 1
2024-06-07 16:32:14.821 [DEBU] {b0cd0fb2bcabd61785eeb9727dc59113} [  3 ms] [default] [shop] [rows:23 ] SHOW TABLES
2024-06-07 16:32:14.823 [DEBU] {cc0a57b2bcabd61786eeb972e6e0dffe} [  1 ms] [default] [shop] [rows:9  ] SHOW FULL COLUMNS FROM `admin_info`
2024-06-07 16:32:14.824 [DEBU] {483f6fb2bcabd61787eeb9726d20dc99} [  0 ms] [default] [shop] [rows:1  ] SELECT `id`,`name`,`password`,`role_ids`,`created_at`,`updated_at`,`user_salt`,`is_admin`,`deleted_at` FROM `admin_info` WHERE (`name`='steve') AND `deleted_at` IS NULL LIMIT 1
2024-06-07 16:33:14.139 [DEBU] {fc27c881caabd617af6b4229be94a403} [  2 ms] [default] [shop] [rows:23 ] SHOW TABLES
2024-06-07 16:33:14.141 [DEBU] {bc3afa81caabd617b06b4229fff10007} [  1 ms] [default] [shop] [rows:9  ] SHOW FULL COLUMNS FROM `admin_info`
2024-06-07 16:33:14.142 [DEBU] {f0f50a82caabd617b16b4229ccc86132} [  1 ms] [default] [shop] [rows:1  ] SELECT `id`,`name`,`password`,`role_ids`,`created_at`,`updated_at`,`user_salt`,`is_admin`,`deleted_at` FROM `admin_info` WHERE (`name`='steve') AND `deleted_at` IS NULL LIMIT 1
2024-06-07 16:33:14.146 [DEBU] {a40c4582caabd617b26b422901cccda1} [  1 ms] [default] [shop] [rows:1  ] SELECT `id`,`name`,`password`,`role_ids`,`created_at`,`updated_at`,`user_salt`,`is_admin`,`deleted_at` FROM `admin_info` WHERE (`id`='13') AND `deleted_at` IS NULL LIMIT 1
2024-06-07 16:33:14.147 [DEBU] {042d5682caabd617b36b422994f0131f} [  1 ms] [default] [shop] [rows:5  ] SHOW FULL COLUMNS FROM `role_permission_info`
2024-06-07 16:33:14.147 [DEBU] {bcd86582caabd617b46b4229c5143704} [  0 ms] [default] [shop] [rows:0  ] SELECT `id`,`role_id`,`permission_id`,`created_at`,`updated_at` FROM `role_permission_info` WHERE `role_id` IN ('1')
2024-06-07 16:33:14.148 [DEBU] {b4886d82caabd617b56b4229e7f9b633} [  0 ms] [default] [shop] [rows:6  ] SHOW FULL COLUMNS FROM `permission_info`
2024-06-07 16:33:14.149 [DEBU] {f8f97b82caabd617b66b42299cfeb292} [  0 ms] [default] [shop] [rows:0  ] SELECT `id`,`name`,`path`,`created_at`,`updated_at`,`deleted_at` FROM `permission_info` WHERE (0=1) AND `deleted_at` IS NULL
2024-06-07 16:46:47.757 [DEBU] {7c498bf087acd6170acd8424e980cbe7} [ 13 ms] [default] [shop] [rows:23 ] SHOW TABLES
2024-06-07 16:46:47.759 [DEBU] {90a961f187acd6170bcd84241b757780} [  1 ms] [default] [shop] [rows:9  ] SHOW FULL COLUMNS FROM `admin_info`
2024-06-07 16:46:47.760 [DEBU] {e0277af187acd6170ccd8424d468b589} [  0 ms] [default] [shop] [rows:1  ] SELECT `id`,`name`,`password`,`role_ids`,`created_at`,`updated_at`,`user_salt`,`is_admin`,`deleted_at` FROM `admin_info` WHERE (`name`='steve') AND `deleted_at` IS NULL LIMIT 1
