2024-06-21 14:26:37.716 [DEBU] {c42510bc01f1da1725c85c06ebd1784a} [169 ms] [default] [shop] [rows:23 ] SHOW TABLES
2024-06-21 14:26:37.726 [DEBU] {c4eb30c601f1da1726c85c0656c041ca} [  9 ms] [default] [shop] [rows:9  ] SHOW FULL COLUMNS FROM `admin_info`
2024-06-21 14:26:37.735 [DEBU] {608fcdc601f1da1727c85c0685af4324} [  8 ms] [default] [shop] [rows:1  ] SELECT `id`,`name`,`password`,`role_ids`,`created_at`,`updated_at`,`user_salt`,`is_admin`,`deleted_at` FROM `admin_info` WHERE (`name`='vip') AND `deleted_at` IS NULL LIMIT 1
2024-06-21 14:26:37.763 [DEBU] {f49bdfc801f1da1728c85c069187e0b3} [  1 ms] [default] [shop] [rows:1  ] SELECT `id`,`name`,`password`,`role_ids`,`created_at`,`updated_at`,`user_salt`,`is_admin`,`deleted_at` FROM `admin_info` WHERE (`id`='17') AND `deleted_at` IS NULL LIMIT 1
2024-06-21 14:26:37.802 [DEBU] {4cefebca01f1da1729c85c06d0ed3e6c} [  6 ms] [default] [shop] [rows:5  ] SHOW FULL COLUMNS FROM `role_permission_info`
2024-06-21 14:26:37.810 [DEBU] {980a48cb01f1da172ac85c06ce902aee} [  7 ms] [default] [shop] [rows:1  ] SELECT `id`,`role_id`,`permission_id`,`created_at`,`updated_at` FROM `role_permission_info` WHERE `role_id` IN ('do in eu Duis')
2024-06-21 14:26:37.813 [DEBU] {d481bccb01f1da172bc85c06b278bcc3} [  3 ms] [default] [shop] [rows:6  ] SHOW FULL COLUMNS FROM `permission_info`
2024-06-21 14:26:37.816 [DEBU] {5cadeacb01f1da172cc85c06cc73fd00} [  3 ms] [default] [shop] [rows:0  ] SELECT `id`,`name`,`path`,`created_at`,`updated_at`,`deleted_at` FROM `permission_info` WHERE (`id` IN (0)) AND `deleted_at` IS NULL
2024-06-21 14:34:30.023 [DEBU] {040ac3bc6ff1da1730c85c063b39c044} [ 17 ms] [default] [shop] [rows:12 ] SHOW FULL COLUMNS FROM `user_info`
2024-06-21 14:34:30.064 [DEBU] {040ac3bc6ff1da1730c85c063b39c044} [ 40 ms] [default] [shop] [rows:1  ] INSERT INTO `user_info`(`name`,`avatar`,`password`,`user_salt`,`sex`,`status`,`sign`,`secret_answer`,`created_at`,`updated_at`) VALUES('qui','et incid','43222e2a610722c48dbb8d35b13b401b','YtcltUxChU',1,1,'quis','culpa','2024-06-21 14:34:30','2024-06-21 14:34:30') 
2024-06-21 14:37:52.614 [DEBU] {3c9a45e89ef1da1732c85c069edc7196} [ 14 ms] [default] [shop] [rows:1  ] SELECT `id`,`name`,`password`,`role_ids`,`created_at`,`updated_at`,`user_salt`,`is_admin`,`deleted_at` FROM `admin_info` WHERE (`name`='vip') AND `deleted_at` IS NULL LIMIT 1
2024-06-21 14:37:52.622 [DEBU] {ac1298e99ef1da1733c85c06b4150fb4} [  1 ms] [default] [shop] [rows:0  ] SELECT `id`,`name`,`avatar`,`password`,`user_salt`,`sex`,`status`,`sign`,`secret_answer`,`created_at`,`updated_at`,`deleted_at` FROM `user_info` WHERE (`id`='17') AND `deleted_at` IS NULL LIMIT 1
2024-06-21 14:38:01.844 [DEBU] {5043460fa1f1da1735c85c06e66acca4} [  1 ms] [default] [shop] [rows:1  ] SELECT `id`,`name`,`password`,`role_ids`,`created_at`,`updated_at`,`user_salt`,`is_admin`,`deleted_at` FROM `admin_info` WHERE (`name`='vip') AND `deleted_at` IS NULL LIMIT 1
2024-06-21 14:38:01.848 [DEBU] {d0c2820fa1f1da1736c85c061e537d52} [  2 ms] [default] [shop] [rows:0  ] SELECT `id`,`name`,`avatar`,`password`,`user_salt`,`sex`,`status`,`sign`,`secret_answer`,`created_at`,`updated_at`,`deleted_at` FROM `user_info` WHERE (`id`='17') AND `deleted_at` IS NULL LIMIT 1
2024-06-21 14:38:30.511 [DEBU] {2c84b7bba7f1da1738c85c06e3bbad26} [  4 ms] [default] [shop] [rows:0  ] SELECT `id`,`name`,`password`,`role_ids`,`created_at`,`updated_at`,`user_salt`,`is_admin`,`deleted_at` FROM `admin_info` WHERE (`name`='qui') AND `deleted_at` IS NULL LIMIT 1
2024-06-21 14:38:32.105 [DEBU] {b0f0021ba8f1da173ac85c06bd1a0616} [  0 ms] [default] [shop] [rows:0  ] SELECT `id`,`name`,`password`,`role_ids`,`created_at`,`updated_at`,`user_salt`,`is_admin`,`deleted_at` FROM `admin_info` WHERE (`name`='qui') AND `deleted_at` IS NULL LIMIT 1
2024-06-21 14:38:36.576 [DEBU] {3caf7f25a9f1da173cc85c0628a155e9} [  0 ms] [default] [shop] [rows:0  ] SELECT `id`,`name`,`password`,`role_ids`,`created_at`,`updated_at`,`user_salt`,`is_admin`,`deleted_at` FROM `admin_info` WHERE (`name`='qui') AND `deleted_at` IS NULL LIMIT 1
2024-06-21 14:39:19.042 [DEBU] {28fa8808b3f1da173ec85c0668958df4} [  3 ms] [default] [shop] [rows:0  ] SELECT `id`,`name`,`password`,`role_ids`,`created_at`,`updated_at`,`user_salt`,`is_admin`,`deleted_at` FROM `admin_info` WHERE (`name`='wzy') AND `deleted_at` IS NULL LIMIT 1
2024-06-21 14:39:21.311 [DEBU] {0482de8fb3f1da1740c85c06a262b408} [  1 ms] [default] [shop] [rows:0  ] SELECT `id`,`name`,`password`,`role_ids`,`created_at`,`updated_at`,`user_salt`,`is_admin`,`deleted_at` FROM `admin_info` WHERE (`name`='wzy') AND `deleted_at` IS NULL LIMIT 1
2024-06-21 14:39:51.752 [DEBU] {ac1077a5baf1da1744c85c069b99e7dd} [ 14 ms] [default] [shop] [rows:1  ] INSERT INTO `user_info`(`name`,`avatar`,`password`,`user_salt`,`sex`,`status`,`sign`,`secret_answer`,`created_at`,`updated_at`) VALUES('ui','et incid','3ba0a820322202e41bfdf5aca651f8b3','lThF1hzNxm',1,1,'quis','culpa','2024-06-21 14:39:51','2024-06-21 14:39:51') 
2024-06-21 14:40:44.998 [DEBU] {300e650bc7f1da17fe072221d98a7485} [ 11 ms] [default] [shop] [rows:23 ] SHOW TABLES
2024-06-21 14:40:45.003 [DEBU] {f07b220cc7f1da17ff072221688e2885} [  4 ms] [default] [shop] [rows:9  ] SHOW FULL COLUMNS FROM `admin_info`
2024-06-21 14:40:45.005 [DEBU] {3867620cc7f1da1700082221aad22120} [  2 ms] [default] [shop] [rows:0  ] SELECT `id`,`name`,`password`,`role_ids`,`created_at`,`updated_at`,`user_salt`,`is_admin`,`deleted_at` FROM `admin_info` WHERE (`name`='ui') AND `deleted_at` IS NULL LIMIT 1
2024-06-21 14:40:46.310 [DEBU] {741e355ac7f1da170208222150ab17b6} [  1 ms] [default] [shop] [rows:0  ] SELECT `id`,`name`,`password`,`role_ids`,`created_at`,`updated_at`,`user_salt`,`is_admin`,`deleted_at` FROM `admin_info` WHERE (`name`='ui') AND `deleted_at` IS NULL LIMIT 1
2024-06-21 14:40:56.237 [DEBU] {a418f0a9c9f1da17040822214d656cf0} [  0 ms] [default] [shop] [rows:0  ] SELECT `id`,`name`,`password`,`role_ids`,`created_at`,`updated_at`,`user_salt`,`is_admin`,`deleted_at` FROM `admin_info` WHERE (`name`='ui') AND `deleted_at` IS NULL LIMIT 1
2024-06-21 14:41:03.997 [DEBU] {806e6b78cbf1da17060822219751b48a} [  1 ms] [default] [shop] [rows:1  ] SELECT `id`,`name`,`password`,`role_ids`,`created_at`,`updated_at`,`user_salt`,`is_admin`,`deleted_at` FROM `admin_info` WHERE (`name`='vip') AND `deleted_at` IS NULL LIMIT 1
2024-06-21 14:41:04.002 [DEBU] {9006b978cbf1da1707082221313b35c0} [  1 ms] [default] [shop] [rows:1  ] SELECT `id`,`name`,`password`,`role_ids`,`created_at`,`updated_at`,`user_salt`,`is_admin`,`deleted_at` FROM `admin_info` WHERE (`id`='17') AND `deleted_at` IS NULL LIMIT 1
2024-06-21 14:41:04.004 [DEBU] {7c04c578cbf1da1708082221bd6c4a07} [  2 ms] [default] [shop] [rows:5  ] SHOW FULL COLUMNS FROM `role_permission_info`
2024-06-21 14:41:04.007 [DEBU] {b811ef78cbf1da17090822212f3f4b8b} [  3 ms] [default] [shop] [rows:1  ] SELECT `id`,`role_id`,`permission_id`,`created_at`,`updated_at` FROM `role_permission_info` WHERE `role_id` IN ('do in eu Duis')
2024-06-21 14:41:04.007 [DEBU] {68e01079cbf1da170a0822216a6d8314} [  0 ms] [default] [shop] [rows:6  ] SHOW FULL COLUMNS FROM `permission_info`
2024-06-21 14:41:04.008 [DEBU] {28432579cbf1da170b08222126e3bd7b} [  0 ms] [default] [shop] [rows:0  ] SELECT `id`,`name`,`path`,`created_at`,`updated_at`,`deleted_at` FROM `permission_info` WHERE (`id` IN (0)) AND `deleted_at` IS NULL
2024-06-21 14:41:06.550 [DEBU] {74f9a810ccf1da170d082221edd2353b} [  0 ms] [default] [shop] [rows:0  ] SELECT `id`,`name`,`password`,`role_ids`,`created_at`,`updated_at`,`user_salt`,`is_admin`,`deleted_at` FROM `admin_info` WHERE (`name`='ui') AND `deleted_at` IS NULL LIMIT 1
2024-06-21 14:42:29.891 [DEBU] {c820e577dff1da170f0822213544a992} [  5 ms] [default] [shop] [rows:0  ] SELECT `id`,`name`,`password`,`role_ids`,`created_at`,`updated_at`,`user_salt`,`is_admin`,`deleted_at` FROM `admin_info` WHERE (`name`='ui') AND `deleted_at` IS NULL LIMIT 1
2024-06-21 14:43:08.372 [DEBU] {c42b7b6de8f1da17c26ee965547a98aa} [  6 ms] [default] [shop] [rows:23 ] SHOW TABLES
2024-06-21 14:43:08.375 [DEBU] {5041f26de8f1da17c36ee96585202079} [  1 ms] [default] [shop] [rows:12 ] SHOW FULL COLUMNS FROM `user_info`
2024-06-21 14:43:08.377 [DEBU] {80530f6ee8f1da17c46ee96508797d0f} [  1 ms] [default] [shop] [rows:1  ] SELECT `id`,`name`,`avatar`,`password`,`user_salt`,`sex`,`status`,`sign`,`secret_answer`,`created_at`,`updated_at`,`deleted_at` FROM `user_info` WHERE (`name`='ui') AND `deleted_at` IS NULL LIMIT 1
2024-06-21 14:43:08.381 [DEBU] {5c7e586ee8f1da17c56ee96561c06684} [  0 ms] [default] [shop] [rows:1  ] SELECT `id`,`name`,`avatar`,`password`,`user_salt`,`sex`,`status`,`sign`,`secret_answer`,`created_at`,`updated_at`,`deleted_at` FROM `user_info` WHERE (`id`='8') AND `deleted_at` IS NULL LIMIT 1
2024-06-21 14:43:19.349 [DEBU] {0cef15fceaf1da17c76ee965f2604487} [  0 ms] [default] [shop] [rows:1  ] SELECT `id`,`name`,`avatar`,`password`,`user_salt`,`sex`,`status`,`sign`,`secret_answer`,`created_at`,`updated_at`,`deleted_at` FROM `user_info` WHERE (`name`='ui') AND `deleted_at` IS NULL LIMIT 1
2024-06-21 14:43:19.352 [DEBU] {74a934fceaf1da17c86ee96539e6198f} [  1 ms] [default] [shop] [rows:1  ] SELECT `id`,`name`,`avatar`,`password`,`user_salt`,`sex`,`status`,`sign`,`secret_answer`,`created_at`,`updated_at`,`deleted_at` FROM `user_info` WHERE (`id`='8') AND `deleted_at` IS NULL LIMIT 1
